---------------------------------------------------------------
[ 2017-06-22T15:02:37+08:00 ] 127.0.0.1 127.0.0.1 GET /about/example2
[ info ] home.tp.com/about/example2 [运行时间：0.061004s][吞吐率：16.39req/s] [内存消耗：1,476.34kb] [文件加载：42]
[ info ] [ LANG ] D:\phpStudy\WWW\tp5\thinkphp\lang\zh-cn.php
[ info ] [ BIND ] 'index'
[ info ] [ ROUTE ] array (
  'type' => 'module',
  'module' => 
  array (
    0 => 'index',
    1 => 'about',
    2 => 'example2',
  ),
)
[ info ] [ HEADER ] array (
  'host' => 'home.tp.com',
  'connection' => 'keep-alive',
  'cache-control' => 'max-age=0',
  'accept' => 'text/html,application/xhtml+xml,application/xml;q=0.9,image/webp,*/*;q=0.8',
  'upgrade-insecure-requests' => '1',
  'user-agent' => 'Mozilla/5.0 (Windows NT 6.1; WOW64) AppleWebKit/537.36 (KHTML, like Gecko) Chrome/49.0.2623.221 Safari/537.36 SE 2.X MetaSr 1.0',
  'accept-encoding' => 'gzip, deflate, sdch',
  'accept-language' => 'zh-CN,zh;q=0.8',
  'cookie' => 'pgv_pvi=7108606976',
)
[ info ] [ PARAM ] array (
)
[ info ] [ RUN ] app\index\controller\About->example2Action[ D:\phpStudy\WWW\tp5\application\index\controller\About.php ]
[ info ] [ LOG ] INIT File
[ error ] [8]Use of undefined constant rexit - assumed 'rexit'[D:\phpStudy\WWW\tp5\extend\kafka\src\lib\autoloader.php:22]
---------------------------------------------------------------
[ 2017-06-22T15:03:10+08:00 ] 127.0.0.1 127.0.0.1 GET /about/example2
[ info ] home.tp.com/about/example2 [运行时间：0.030002s][吞吐率：33.33req/s] [内存消耗：1,292.80kb] [文件加载：32]
[ info ] [ LANG ] D:\phpStudy\WWW\tp5\thinkphp\lang\zh-cn.php
[ info ] [ BIND ] 'index'
[ info ] [ ROUTE ] array (
  'type' => 'module',
  'module' => 
  array (
    0 => 'index',
    1 => 'about',
    2 => 'example2',
  ),
)
[ info ] [ HEADER ] array (
  'host' => 'home.tp.com',
  'connection' => 'keep-alive',
  'cache-control' => 'max-age=0',
  'accept' => 'text/html,application/xhtml+xml,application/xml;q=0.9,image/webp,*/*;q=0.8',
  'upgrade-insecure-requests' => '1',
  'user-agent' => 'Mozilla/5.0 (Windows NT 6.1; WOW64) AppleWebKit/537.36 (KHTML, like Gecko) Chrome/49.0.2623.221 Safari/537.36 SE 2.X MetaSr 1.0',
  'accept-encoding' => 'gzip, deflate, sdch',
  'accept-language' => 'zh-CN,zh;q=0.8',
  'cookie' => 'thinkphp_show_page_trace=0|0; pgv_pvi=7108606976',
)
[ info ] [ PARAM ] array (
)
[ info ] [ RUN ] app\index\controller\About->example2Action[ D:\phpStudy\WWW\tp5\application\index\controller\About.php ]
[ info ] [ LOG ] INIT File
---------------------------------------------------------------
[ 2017-06-22T15:03:55+08:00 ] 127.0.0.1 127.0.0.1 GET /about/example2
[ info ] home.tp.com/about/example2 [运行时间：0.021001s][吞吐率：47.62req/s] [内存消耗：1,261.52kb] [文件加载：31]
[ info ] [ LANG ] D:\phpStudy\WWW\tp5\thinkphp\lang\zh-cn.php
[ info ] [ BIND ] 'index'
[ info ] [ ROUTE ] array (
  'type' => 'module',
  'module' => 
  array (
    0 => 'index',
    1 => 'about',
    2 => 'example2',
  ),
)
[ info ] [ HEADER ] array (
  'host' => 'home.tp.com',
  'connection' => 'keep-alive',
  'cache-control' => 'max-age=0',
  'accept' => 'text/html,application/xhtml+xml,application/xml;q=0.9,image/webp,*/*;q=0.8',
  'upgrade-insecure-requests' => '1',
  'user-agent' => 'Mozilla/5.0 (Windows NT 6.1; WOW64) AppleWebKit/537.36 (KHTML, like Gecko) Chrome/49.0.2623.221 Safari/537.36 SE 2.X MetaSr 1.0',
  'accept-encoding' => 'gzip, deflate, sdch',
  'accept-language' => 'zh-CN,zh;q=0.8',
  'cookie' => 'thinkphp_show_page_trace=0|0; pgv_pvi=7108606976',
)
[ info ] [ PARAM ] array (
)
[ info ] [ RUN ] app\index\controller\About->example2Action[ D:\phpStudy\WWW\tp5\application\index\controller\About.php ]
[ info ] [ LOG ] INIT File
---------------------------------------------------------------
[ 2017-06-22T15:04:10+08:00 ] 127.0.0.1 127.0.0.1 GET /about/example2
[ info ] home.tp.com/about/example2 [运行时间：0.036002s][吞吐率：27.78req/s] [内存消耗：1,292.92kb] [文件加载：32]
[ info ] [ LANG ] D:\phpStudy\WWW\tp5\thinkphp\lang\zh-cn.php
[ info ] [ BIND ] 'index'
[ info ] [ ROUTE ] array (
  'type' => 'module',
  'module' => 
  array (
    0 => 'index',
    1 => 'about',
    2 => 'example2',
  ),
)
[ info ] [ HEADER ] array (
  'host' => 'home.tp.com',
  'connection' => 'keep-alive',
  'cache-control' => 'max-age=0',
  'accept' => 'text/html,application/xhtml+xml,application/xml;q=0.9,image/webp,*/*;q=0.8',
  'upgrade-insecure-requests' => '1',
  'user-agent' => 'Mozilla/5.0 (Windows NT 6.1; WOW64) AppleWebKit/537.36 (KHTML, like Gecko) Chrome/49.0.2623.221 Safari/537.36 SE 2.X MetaSr 1.0',
  'accept-encoding' => 'gzip, deflate, sdch',
  'accept-language' => 'zh-CN,zh;q=0.8',
  'cookie' => 'thinkphp_show_page_trace=0|0; pgv_pvi=7108606976',
)
[ info ] [ PARAM ] array (
)
[ info ] [ RUN ] app\index\controller\About->example2Action[ D:\phpStudy\WWW\tp5\application\index\controller\About.php ]
[ info ] [ LOG ] INIT File
---------------------------------------------------------------
[ 2017-06-22T16:56:23+08:00 ] 127.0.0.1 127.0.0.1 GET /about/example1
[ info ] home.tp.com/about/example1 [运行时间：0.037002s][吞吐率：27.03req/s] [内存消耗：1,672.60kb] [文件加载：57]
[ info ] [ LANG ] D:\phpStudy\WWW\tp5\thinkphp\lang\zh-cn.php
[ info ] [ BIND ] 'index'
[ info ] [ ROUTE ] array (
  'type' => 'module',
  'module' => 
  array (
    0 => 'index',
    1 => 'about',
    2 => 'example1',
  ),
)
[ info ] [ HEADER ] array (
  'host' => 'home.tp.com',
  'connection' => 'keep-alive',
  'upgrade-insecure-requests' => '1',
  'user-agent' => 'Mozilla/5.0 (Windows NT 6.1; Win64; x64) AppleWebKit/537.36 (KHTML, like Gecko) Chrome/58.0.3029.110 Safari/537.36',
  'accept' => 'text/html,application/xhtml+xml,application/xml;q=0.9,image/webp,*/*;q=0.8',
  'accept-encoding' => 'gzip, deflate, sdch',
  'accept-language' => 'zh-CN,zh;q=0.8',
  'cookie' => 'Hm_lvt_f655f558c510211e38805f6b586e6b15=1495867583; BDTUJIAID=7ef518fd936710d9da99792a699e77f5',
)
[ info ] [ PARAM ] array (
)
[ info ] [ RUN ] app\index\controller\About->example1Action[ D:\phpStudy\WWW\tp5\application\index\controller\About.php ]
[ info ] [ LOG ] INIT File
[ error ] [1]Class 'Zookeeper' not found[D:\phpStudy\WWW\tp5\extend\kafuka\src\Kafka\V07\Metadata.php:47]
---------------------------------------------------------------
[ 2017-06-22T16:56:23+08:00 ] 127.0.0.1 127.0.0.1 GET /favicon.ico
[ info ] home.tp.com/favicon.ico [运行时间：0.023001s][吞吐率：43.48req/s] [内存消耗：1,176.16kb] [文件加载：33]
[ info ] [ LANG ] D:\phpStudy\WWW\tp5\thinkphp\lang\zh-cn.php
[ info ] [ BIND ] 'index'
[ info ] [ ROUTE ] array (
  'type' => 'module',
  'module' => 
  array (
    0 => 'index',
    1 => 'favicon.ico',
    2 => NULL,
  ),
)
[ info ] [ HEADER ] array (
  'host' => 'home.tp.com',
  'connection' => 'keep-alive',
  'user-agent' => 'Mozilla/5.0 (Windows NT 6.1; Win64; x64) AppleWebKit/537.36 (KHTML, like Gecko) Chrome/58.0.3029.110 Safari/537.36',
  'accept' => 'image/webp,image/*,*/*;q=0.8',
  'referer' => 'http://home.tp.com/about/example1',
  'accept-encoding' => 'gzip, deflate, sdch',
  'accept-language' => 'zh-CN,zh;q=0.8',
  'cookie' => 'Hm_lvt_f655f558c510211e38805f6b586e6b15=1495867583; BDTUJIAID=7ef518fd936710d9da99792a699e77f5',
)
[ info ] [ PARAM ] array (
)
[ info ] [ LOG ] INIT File
---------------------------------------------------------------
[ 2017-06-22T17:56:46+08:00 ] 127.0.0.1 127.0.0.1 GET /about/example2
[ info ] home.tp.com/about/example2 [运行时间：0.034002s][吞吐率：29.41req/s] [内存消耗：1,769.73kb] [文件加载：46]
[ info ] [ LANG ] D:\phpStudy\WWW\tp5\thinkphp\lang\zh-cn.php
[ info ] [ BIND ] 'index'
[ info ] [ ROUTE ] array (
  'type' => 'module',
  'module' => 
  array (
    0 => 'index',
    1 => 'about',
    2 => 'example2',
  ),
)
[ info ] [ HEADER ] array (
  'host' => 'home.tp.com',
  'connection' => 'keep-alive',
  'cache-control' => 'max-age=0',
  'accept' => 'text/html,application/xhtml+xml,application/xml;q=0.9,image/webp,*/*;q=0.8',
  'upgrade-insecure-requests' => '1',
  'user-agent' => 'Mozilla/5.0 (Windows NT 6.1; WOW64) AppleWebKit/537.36 (KHTML, like Gecko) Chrome/49.0.2623.221 Safari/537.36 SE 2.X MetaSr 1.0',
  'accept-encoding' => 'gzip, deflate, sdch',
  'accept-language' => 'zh-CN,zh;q=0.8',
  'cookie' => 'thinkphp_show_page_trace=0|0; pgv_pvi=7108606976',
)
[ info ] [ PARAM ] array (
)
[ info ] [ RUN ] app\index\controller\About->example2Action[ D:\phpStudy\WWW\tp5\application\index\controller\About.php ]
[ info ] [ LOG ] INIT File
---------------------------------------------------------------
[ 2017-06-22T17:57:51+08:00 ] 127.0.0.1 127.0.0.1 GET /about/example2
[ info ] home.tp.com/about/example2 [运行时间：0.050003s][吞吐率：20.00req/s] [内存消耗：1,954.22kb] [文件加载：56]
[ info ] [ LANG ] D:\phpStudy\WWW\tp5\thinkphp\lang\zh-cn.php
[ info ] [ BIND ] 'index'
[ info ] [ ROUTE ] array (
  'type' => 'module',
  'module' => 
  array (
    0 => 'index',
    1 => 'about',
    2 => 'example2',
  ),
)
[ info ] [ HEADER ] array (
  'host' => 'home.tp.com',
  'connection' => 'keep-alive',
  'cache-control' => 'max-age=0',
  'accept' => 'text/html,application/xhtml+xml,application/xml;q=0.9,image/webp,*/*;q=0.8',
  'upgrade-insecure-requests' => '1',
  'user-agent' => 'Mozilla/5.0 (Windows NT 6.1; WOW64) AppleWebKit/537.36 (KHTML, like Gecko) Chrome/49.0.2623.221 Safari/537.36 SE 2.X MetaSr 1.0',
  'accept-encoding' => 'gzip, deflate, sdch',
  'accept-language' => 'zh-CN,zh;q=0.8',
  'cookie' => 'thinkphp_show_page_trace=0|0; pgv_pvi=7108606976',
)
[ info ] [ PARAM ] array (
)
[ info ] [ RUN ] app\index\controller\About->example2Action[ D:\phpStudy\WWW\tp5\application\index\controller\About.php ]
[ info ] [ LOG ] INIT File
[ error ] [8]Use of undefined constant t - assumed 't'[D:\phpStudy\WWW\tp5\application\index\controller\About.php:50]
---------------------------------------------------------------
[ 2017-06-22T17:57:52+08:00 ] 127.0.0.1 127.0.0.1 GET /about/example2
[ info ] home.tp.com/about/example2 [运行时间：0.036002s][吞吐率：27.78req/s] [内存消耗：1,954.22kb] [文件加载：56]
[ info ] [ LANG ] D:\phpStudy\WWW\tp5\thinkphp\lang\zh-cn.php
[ info ] [ BIND ] 'index'
[ info ] [ ROUTE ] array (
  'type' => 'module',
  'module' => 
  array (
    0 => 'index',
    1 => 'about',
    2 => 'example2',
  ),
)
[ info ] [ HEADER ] array (
  'host' => 'home.tp.com',
  'connection' => 'keep-alive',
  'cache-control' => 'max-age=0',
  'accept' => 'text/html,application/xhtml+xml,application/xml;q=0.9,image/webp,*/*;q=0.8',
  'upgrade-insecure-requests' => '1',
  'user-agent' => 'Mozilla/5.0 (Windows NT 6.1; WOW64) AppleWebKit/537.36 (KHTML, like Gecko) Chrome/49.0.2623.221 Safari/537.36 SE 2.X MetaSr 1.0',
  'accept-encoding' => 'gzip, deflate, sdch',
  'accept-language' => 'zh-CN,zh;q=0.8',
  'cookie' => 'thinkphp_show_page_trace=0|0; pgv_pvi=7108606976',
)
[ info ] [ PARAM ] array (
)
[ info ] [ RUN ] app\index\controller\About->example2Action[ D:\phpStudy\WWW\tp5\application\index\controller\About.php ]
[ info ] [ LOG ] INIT File
[ error ] [8]Use of undefined constant t - assumed 't'[D:\phpStudy\WWW\tp5\application\index\controller\About.php:50]
---------------------------------------------------------------
[ 2017-06-22T17:59:03+08:00 ] 127.0.0.1 127.0.0.1 GET /about/example2
[ info ] home.tp.com/about/example2 [运行时间：0.049002s][吞吐率：20.41req/s] [内存消耗：1,954.01kb] [文件加载：56]
[ info ] [ LANG ] D:\phpStudy\WWW\tp5\thinkphp\lang\zh-cn.php
[ info ] [ BIND ] 'index'
[ info ] [ ROUTE ] array (
  'type' => 'module',
  'module' => 
  array (
    0 => 'index',
    1 => 'about',
    2 => 'example2',
  ),
)
[ info ] [ HEADER ] array (
  'host' => 'home.tp.com',
  'connection' => 'keep-alive',
  'cache-control' => 'max-age=0',
  'accept' => 'text/html,application/xhtml+xml,application/xml;q=0.9,image/webp,*/*;q=0.8',
  'upgrade-insecure-requests' => '1',
  'user-agent' => 'Mozilla/5.0 (Windows NT 6.1; WOW64) AppleWebKit/537.36 (KHTML, like Gecko) Chrome/49.0.2623.221 Safari/537.36 SE 2.X MetaSr 1.0',
  'accept-encoding' => 'gzip, deflate, sdch',
  'accept-language' => 'zh-CN,zh;q=0.8',
  'cookie' => 'thinkphp_show_page_trace=0|0; pgv_pvi=7108606976',
)
[ info ] [ PARAM ] array (
)
[ info ] [ RUN ] app\index\controller\About->example2Action[ D:\phpStudy\WWW\tp5\application\index\controller\About.php ]
[ info ] [ LOG ] INIT File
[ error ] [8]Use of undefined constant t - assumed 't'[D:\phpStudy\WWW\tp5\application\index\controller\About.php:50]
---------------------------------------------------------------
[ 2017-06-22T17:59:04+08:00 ] 127.0.0.1 127.0.0.1 GET /about/example2
[ info ] home.tp.com/about/example2 [运行时间：0.047002s][吞吐率：21.28req/s] [内存消耗：1,954.01kb] [文件加载：56]
[ info ] [ LANG ] D:\phpStudy\WWW\tp5\thinkphp\lang\zh-cn.php
[ info ] [ BIND ] 'index'
[ info ] [ ROUTE ] array (
  'type' => 'module',
  'module' => 
  array (
    0 => 'index',
    1 => 'about',
    2 => 'example2',
  ),
)
[ info ] [ HEADER ] array (
  'host' => 'home.tp.com',
  'connection' => 'keep-alive',
  'cache-control' => 'max-age=0',
  'accept' => 'text/html,application/xhtml+xml,application/xml;q=0.9,image/webp,*/*;q=0.8',
  'upgrade-insecure-requests' => '1',
  'user-agent' => 'Mozilla/5.0 (Windows NT 6.1; WOW64) AppleWebKit/537.36 (KHTML, like Gecko) Chrome/49.0.2623.221 Safari/537.36 SE 2.X MetaSr 1.0',
  'accept-encoding' => 'gzip, deflate, sdch',
  'accept-language' => 'zh-CN,zh;q=0.8',
  'cookie' => 'thinkphp_show_page_trace=0|0; pgv_pvi=7108606976',
)
[ info ] [ PARAM ] array (
)
[ info ] [ RUN ] app\index\controller\About->example2Action[ D:\phpStudy\WWW\tp5\application\index\controller\About.php ]
[ info ] [ LOG ] INIT File
[ error ] [8]Use of undefined constant t - assumed 't'[D:\phpStudy\WWW\tp5\application\index\controller\About.php:50]
---------------------------------------------------------------
[ 2017-06-22T17:59:04+08:00 ] 127.0.0.1 127.0.0.1 GET /about/example2
[ info ] home.tp.com/about/example2 [运行时间：0.037002s][吞吐率：27.03req/s] [内存消耗：1,954.01kb] [文件加载：56]
[ info ] [ LANG ] D:\phpStudy\WWW\tp5\thinkphp\lang\zh-cn.php
[ info ] [ BIND ] 'index'
[ info ] [ ROUTE ] array (
  'type' => 'module',
  'module' => 
  array (
    0 => 'index',
    1 => 'about',
    2 => 'example2',
  ),
)
[ info ] [ HEADER ] array (
  'host' => 'home.tp.com',
  'connection' => 'keep-alive',
  'cache-control' => 'max-age=0',
  'accept' => 'text/html,application/xhtml+xml,application/xml;q=0.9,image/webp,*/*;q=0.8',
  'upgrade-insecure-requests' => '1',
  'user-agent' => 'Mozilla/5.0 (Windows NT 6.1; WOW64) AppleWebKit/537.36 (KHTML, like Gecko) Chrome/49.0.2623.221 Safari/537.36 SE 2.X MetaSr 1.0',
  'accept-encoding' => 'gzip, deflate, sdch',
  'accept-language' => 'zh-CN,zh;q=0.8',
  'cookie' => 'thinkphp_show_page_trace=0|0; pgv_pvi=7108606976',
)
[ info ] [ PARAM ] array (
)
[ info ] [ RUN ] app\index\controller\About->example2Action[ D:\phpStudy\WWW\tp5\application\index\controller\About.php ]
[ info ] [ LOG ] INIT File
[ error ] [8]Use of undefined constant t - assumed 't'[D:\phpStudy\WWW\tp5\application\index\controller\About.php:50]
---------------------------------------------------------------
[ 2017-06-22T17:59:04+08:00 ] 127.0.0.1 127.0.0.1 GET /about/example2
[ info ] home.tp.com/about/example2 [运行时间：0.036002s][吞吐率：27.78req/s] [内存消耗：1,954.01kb] [文件加载：56]
[ info ] [ LANG ] D:\phpStudy\WWW\tp5\thinkphp\lang\zh-cn.php
[ info ] [ BIND ] 'index'
[ info ] [ ROUTE ] array (
  'type' => 'module',
  'module' => 
  array (
    0 => 'index',
    1 => 'about',
    2 => 'example2',
  ),
)
[ info ] [ HEADER ] array (
  'host' => 'home.tp.com',
  'connection' => 'keep-alive',
  'cache-control' => 'max-age=0',
  'accept' => 'text/html,application/xhtml+xml,application/xml;q=0.9,image/webp,*/*;q=0.8',
  'upgrade-insecure-requests' => '1',
  'user-agent' => 'Mozilla/5.0 (Windows NT 6.1; WOW64) AppleWebKit/537.36 (KHTML, like Gecko) Chrome/49.0.2623.221 Safari/537.36 SE 2.X MetaSr 1.0',
  'accept-encoding' => 'gzip, deflate, sdch',
  'accept-language' => 'zh-CN,zh;q=0.8',
  'cookie' => 'thinkphp_show_page_trace=0|0; pgv_pvi=7108606976',
)
[ info ] [ PARAM ] array (
)
[ info ] [ RUN ] app\index\controller\About->example2Action[ D:\phpStudy\WWW\tp5\application\index\controller\About.php ]
[ info ] [ LOG ] INIT File
[ error ] [8]Use of undefined constant t - assumed 't'[D:\phpStudy\WWW\tp5\application\index\controller\About.php:50]
---------------------------------------------------------------
[ 2017-06-22T17:59:04+08:00 ] 127.0.0.1 127.0.0.1 GET /about/example2
[ info ] home.tp.com/about/example2 [运行时间：0.036002s][吞吐率：27.78req/s] [内存消耗：1,954.01kb] [文件加载：56]
[ info ] [ LANG ] D:\phpStudy\WWW\tp5\thinkphp\lang\zh-cn.php
[ info ] [ BIND ] 'index'
[ info ] [ ROUTE ] array (
  'type' => 'module',
  'module' => 
  array (
    0 => 'index',
    1 => 'about',
    2 => 'example2',
  ),
)
[ info ] [ HEADER ] array (
  'host' => 'home.tp.com',
  'connection' => 'keep-alive',
  'cache-control' => 'max-age=0',
  'accept' => 'text/html,application/xhtml+xml,application/xml;q=0.9,image/webp,*/*;q=0.8',
  'upgrade-insecure-requests' => '1',
  'user-agent' => 'Mozilla/5.0 (Windows NT 6.1; WOW64) AppleWebKit/537.36 (KHTML, like Gecko) Chrome/49.0.2623.221 Safari/537.36 SE 2.X MetaSr 1.0',
  'accept-encoding' => 'gzip, deflate, sdch',
  'accept-language' => 'zh-CN,zh;q=0.8',
  'cookie' => 'thinkphp_show_page_trace=0|0; pgv_pvi=7108606976',
)
[ info ] [ PARAM ] array (
)
[ info ] [ RUN ] app\index\controller\About->example2Action[ D:\phpStudy\WWW\tp5\application\index\controller\About.php ]
[ info ] [ LOG ] INIT File
[ error ] [8]Use of undefined constant t - assumed 't'[D:\phpStudy\WWW\tp5\application\index\controller\About.php:50]
---------------------------------------------------------------
[ 2017-06-22T17:59:05+08:00 ] 127.0.0.1 127.0.0.1 GET /about/example2
[ info ] home.tp.com/about/example2 [运行时间：0.037002s][吞吐率：27.03req/s] [内存消耗：1,954.02kb] [文件加载：56]
[ info ] [ LANG ] D:\phpStudy\WWW\tp5\thinkphp\lang\zh-cn.php
[ info ] [ BIND ] 'index'
[ info ] [ ROUTE ] array (
  'type' => 'module',
  'module' => 
  array (
    0 => 'index',
    1 => 'about',
    2 => 'example2',
  ),
)
[ info ] [ HEADER ] array (
  'host' => 'home.tp.com',
  'connection' => 'keep-alive',
  'cache-control' => 'max-age=0',
  'accept' => 'text/html,application/xhtml+xml,application/xml;q=0.9,image/webp,*/*;q=0.8',
  'upgrade-insecure-requests' => '1',
  'user-agent' => 'Mozilla/5.0 (Windows NT 6.1; WOW64) AppleWebKit/537.36 (KHTML, like Gecko) Chrome/49.0.2623.221 Safari/537.36 SE 2.X MetaSr 1.0',
  'accept-encoding' => 'gzip, deflate, sdch',
  'accept-language' => 'zh-CN,zh;q=0.8',
  'cookie' => 'thinkphp_show_page_trace=0|0; pgv_pvi=7108606976',
)
[ info ] [ PARAM ] array (
)
[ info ] [ RUN ] app\index\controller\About->example2Action[ D:\phpStudy\WWW\tp5\application\index\controller\About.php ]
[ info ] [ LOG ] INIT File
[ error ] [8]Use of undefined constant t - assumed 't'[D:\phpStudy\WWW\tp5\application\index\controller\About.php:50]
---------------------------------------------------------------
[ 2017-06-22T17:59:05+08:00 ] 127.0.0.1 127.0.0.1 GET /about/example2
[ info ] home.tp.com/about/example2 [运行时间：0.035002s][吞吐率：28.57req/s] [内存消耗：1,954.02kb] [文件加载：56]
[ info ] [ LANG ] D:\phpStudy\WWW\tp5\thinkphp\lang\zh-cn.php
[ info ] [ BIND ] 'index'
[ info ] [ ROUTE ] array (
  'type' => 'module',
  'module' => 
  array (
    0 => 'index',
    1 => 'about',
    2 => 'example2',
  ),
)
[ info ] [ HEADER ] array (
  'host' => 'home.tp.com',
  'connection' => 'keep-alive',
  'cache-control' => 'max-age=0',
  'accept' => 'text/html,application/xhtml+xml,application/xml;q=0.9,image/webp,*/*;q=0.8',
  'upgrade-insecure-requests' => '1',
  'user-agent' => 'Mozilla/5.0 (Windows NT 6.1; WOW64) AppleWebKit/537.36 (KHTML, like Gecko) Chrome/49.0.2623.221 Safari/537.36 SE 2.X MetaSr 1.0',
  'accept-encoding' => 'gzip, deflate, sdch',
  'accept-language' => 'zh-CN,zh;q=0.8',
  'cookie' => 'thinkphp_show_page_trace=0|0; pgv_pvi=7108606976',
)
[ info ] [ PARAM ] array (
)
[ info ] [ RUN ] app\index\controller\About->example2Action[ D:\phpStudy\WWW\tp5\application\index\controller\About.php ]
[ info ] [ LOG ] INIT File
[ error ] [8]Use of undefined constant t - assumed 't'[D:\phpStudy\WWW\tp5\application\index\controller\About.php:50]
---------------------------------------------------------------
[ 2017-06-22T17:59:05+08:00 ] 127.0.0.1 127.0.0.1 GET /about/example2
[ info ] home.tp.com/about/example2 [运行时间：0.036002s][吞吐率：27.78req/s] [内存消耗：1,954.01kb] [文件加载：56]
[ info ] [ LANG ] D:\phpStudy\WWW\tp5\thinkphp\lang\zh-cn.php
[ info ] [ BIND ] 'index'
[ info ] [ ROUTE ] array (
  'type' => 'module',
  'module' => 
  array (
    0 => 'index',
    1 => 'about',
    2 => 'example2',
  ),
)
[ info ] [ HEADER ] array (
  'host' => 'home.tp.com',
  'connection' => 'keep-alive',
  'cache-control' => 'max-age=0',
  'accept' => 'text/html,application/xhtml+xml,application/xml;q=0.9,image/webp,*/*;q=0.8',
  'upgrade-insecure-requests' => '1',
  'user-agent' => 'Mozilla/5.0 (Windows NT 6.1; WOW64) AppleWebKit/537.36 (KHTML, like Gecko) Chrome/49.0.2623.221 Safari/537.36 SE 2.X MetaSr 1.0',
  'accept-encoding' => 'gzip, deflate, sdch',
  'accept-language' => 'zh-CN,zh;q=0.8',
  'cookie' => 'thinkphp_show_page_trace=0|0; pgv_pvi=7108606976',
)
[ info ] [ PARAM ] array (
)
[ info ] [ RUN ] app\index\controller\About->example2Action[ D:\phpStudy\WWW\tp5\application\index\controller\About.php ]
[ info ] [ LOG ] INIT File
[ error ] [8]Use of undefined constant t - assumed 't'[D:\phpStudy\WWW\tp5\application\index\controller\About.php:50]
---------------------------------------------------------------
[ 2017-06-22T17:59:05+08:00 ] 127.0.0.1 127.0.0.1 GET /about/example2
[ info ] home.tp.com/about/example2 [运行时间：0.036002s][吞吐率：27.78req/s] [内存消耗：1,954.01kb] [文件加载：56]
[ info ] [ LANG ] D:\phpStudy\WWW\tp5\thinkphp\lang\zh-cn.php
[ info ] [ BIND ] 'index'
[ info ] [ ROUTE ] array (
  'type' => 'module',
  'module' => 
  array (
    0 => 'index',
    1 => 'about',
    2 => 'example2',
  ),
)
[ info ] [ HEADER ] array (
  'host' => 'home.tp.com',
  'connection' => 'keep-alive',
  'cache-control' => 'max-age=0',
  'accept' => 'text/html,application/xhtml+xml,application/xml;q=0.9,image/webp,*/*;q=0.8',
  'upgrade-insecure-requests' => '1',
  'user-agent' => 'Mozilla/5.0 (Windows NT 6.1; WOW64) AppleWebKit/537.36 (KHTML, like Gecko) Chrome/49.0.2623.221 Safari/537.36 SE 2.X MetaSr 1.0',
  'accept-encoding' => 'gzip, deflate, sdch',
  'accept-language' => 'zh-CN,zh;q=0.8',
  'cookie' => 'thinkphp_show_page_trace=0|0; pgv_pvi=7108606976',
)
[ info ] [ PARAM ] array (
)
[ info ] [ RUN ] app\index\controller\About->example2Action[ D:\phpStudy\WWW\tp5\application\index\controller\About.php ]
[ info ] [ LOG ] INIT File
[ error ] [8]Use of undefined constant t - assumed 't'[D:\phpStudy\WWW\tp5\application\index\controller\About.php:50]
---------------------------------------------------------------
[ 2017-06-22T17:59:06+08:00 ] 127.0.0.1 127.0.0.1 GET /about/example2
[ info ] home.tp.com/about/example2 [运行时间：0.036002s][吞吐率：27.78req/s] [内存消耗：1,954.01kb] [文件加载：56]
[ info ] [ LANG ] D:\phpStudy\WWW\tp5\thinkphp\lang\zh-cn.php
[ info ] [ BIND ] 'index'
[ info ] [ ROUTE ] array (
  'type' => 'module',
  'module' => 
  array (
    0 => 'index',
    1 => 'about',
    2 => 'example2',
  ),
)
[ info ] [ HEADER ] array (
  'host' => 'home.tp.com',
  'connection' => 'keep-alive',
  'cache-control' => 'max-age=0',
  'accept' => 'text/html,application/xhtml+xml,application/xml;q=0.9,image/webp,*/*;q=0.8',
  'upgrade-insecure-requests' => '1',
  'user-agent' => 'Mozilla/5.0 (Windows NT 6.1; WOW64) AppleWebKit/537.36 (KHTML, like Gecko) Chrome/49.0.2623.221 Safari/537.36 SE 2.X MetaSr 1.0',
  'accept-encoding' => 'gzip, deflate, sdch',
  'accept-language' => 'zh-CN,zh;q=0.8',
  'cookie' => 'thinkphp_show_page_trace=0|0; pgv_pvi=7108606976',
)
[ info ] [ PARAM ] array (
)
[ info ] [ RUN ] app\index\controller\About->example2Action[ D:\phpStudy\WWW\tp5\application\index\controller\About.php ]
[ info ] [ LOG ] INIT File
[ error ] [8]Use of undefined constant t - assumed 't'[D:\phpStudy\WWW\tp5\application\index\controller\About.php:50]
---------------------------------------------------------------
[ 2017-06-22T17:59:06+08:00 ] 127.0.0.1 127.0.0.1 GET /about/example2
[ info ] home.tp.com/about/example2 [运行时间：0.039003s][吞吐率：25.64req/s] [内存消耗：1,954.01kb] [文件加载：56]
[ info ] [ LANG ] D:\phpStudy\WWW\tp5\thinkphp\lang\zh-cn.php
[ info ] [ BIND ] 'index'
[ info ] [ ROUTE ] array (
  'type' => 'module',
  'module' => 
  array (
    0 => 'index',
    1 => 'about',
    2 => 'example2',
  ),
)
[ info ] [ HEADER ] array (
  'host' => 'home.tp.com',
  'connection' => 'keep-alive',
  'cache-control' => 'max-age=0',
  'accept' => 'text/html,application/xhtml+xml,application/xml;q=0.9,image/webp,*/*;q=0.8',
  'upgrade-insecure-requests' => '1',
  'user-agent' => 'Mozilla/5.0 (Windows NT 6.1; WOW64) AppleWebKit/537.36 (KHTML, like Gecko) Chrome/49.0.2623.221 Safari/537.36 SE 2.X MetaSr 1.0',
  'accept-encoding' => 'gzip, deflate, sdch',
  'accept-language' => 'zh-CN,zh;q=0.8',
  'cookie' => 'thinkphp_show_page_trace=0|0; pgv_pvi=7108606976',
)
[ info ] [ PARAM ] array (
)
[ info ] [ RUN ] app\index\controller\About->example2Action[ D:\phpStudy\WWW\tp5\application\index\controller\About.php ]
[ info ] [ LOG ] INIT File
[ error ] [8]Use of undefined constant t - assumed 't'[D:\phpStudy\WWW\tp5\application\index\controller\About.php:50]
---------------------------------------------------------------
[ 2017-06-22T17:59:25+08:00 ] 127.0.0.1 127.0.0.1 GET /about/example2
[ info ] home.tp.com/about/example2 [运行时间：0.165009s][吞吐率：6.06req/s] [内存消耗：2,793.00kb] [文件加载：91]
[ info ] [ LANG ] D:\phpStudy\WWW\tp5\thinkphp\lang\zh-cn.php
[ info ] [ BIND ] 'index'
[ info ] [ ROUTE ] array (
  'type' => 'module',
  'module' => 
  array (
    0 => 'index',
    1 => 'about',
    2 => 'example2',
  ),
)
[ info ] [ HEADER ] array (
  'host' => 'home.tp.com',
  'connection' => 'keep-alive',
  'cache-control' => 'max-age=0',
  'accept' => 'text/html,application/xhtml+xml,application/xml;q=0.9,image/webp,*/*;q=0.8',
  'upgrade-insecure-requests' => '1',
  'user-agent' => 'Mozilla/5.0 (Windows NT 6.1; WOW64) AppleWebKit/537.36 (KHTML, like Gecko) Chrome/49.0.2623.221 Safari/537.36 SE 2.X MetaSr 1.0',
  'accept-encoding' => 'gzip, deflate, sdch',
  'accept-language' => 'zh-CN,zh;q=0.8',
  'cookie' => 'thinkphp_show_page_trace=0|0; pgv_pvi=7108606976',
)
[ info ] [ PARAM ] array (
)
[ info ] [ RUN ] app\index\controller\About->example2Action[ D:\phpStudy\WWW\tp5\application\index\controller\About.php ]
[ info ] [ LOG ] INIT File
[ error ] [2]fsockopen(): [D:\phpStudy\WWW\tp5\extend\kafuka\src\Kafka\Socket.php:236]
[ error ] [0]Not has broker can connection `metadataBrokerList`[D:\phpStudy\WWW\tp5\extend\kafuka\src\Kafka\Producer\Process.php:224]
