---------------------------------------------------------------
[ 2017-06-23T09:32:59+08:00 ] 127.0.0.1 127.0.0.1 GET /about/insert
[ info ] home.tp.com/about/insert [运行时间：0.067004s][吞吐率：14.92req/s] [内存消耗：1,662.92kb] [文件加载：42]
[ info ] [ LANG ] D:\phpStudy\WWW\tp5\thinkphp\lang\zh-cn.php
[ info ] [ BIND ] 'index'
[ info ] [ ROUTE ] array (
  'type' => 'module',
  'module' => 
  array (
    0 => 'index',
    1 => 'about',
    2 => 'insert',
  ),
)
[ info ] [ HEADER ] array (
  'host' => 'home.tp.com',
  'connection' => 'keep-alive',
  'cache-control' => 'max-age=0',
  'upgrade-insecure-requests' => '1',
  'user-agent' => 'Mozilla/5.0 (Windows NT 6.1; Win64; x64) AppleWebKit/537.36 (KHTML, like Gecko) Chrome/58.0.3029.110 Safari/537.36',
  'accept' => 'text/html,application/xhtml+xml,application/xml;q=0.9,image/webp,*/*;q=0.8',
  'accept-encoding' => 'gzip, deflate, sdch',
  'accept-language' => 'zh-CN,zh;q=0.8',
  'cookie' => 'thinkphp_show_page_trace=0|0; Hm_lvt_f655f558c510211e38805f6b586e6b15=1495867583; BDTUJIAID=7ef518fd936710d9da99792a699e77f5',
)
[ info ] [ PARAM ] array (
)
[ info ] [ RUN ] app\index\controller\About->insertAction[ D:\phpStudy\WWW\tp5\application\index\controller\About.php ]
[ info ] [ VIEW ] D:\phpStudy\WWW\tp5\public/../application/index\view\about\insert.html [ array (
) ]
[ info ] [ LOG ] INIT File
---------------------------------------------------------------
[ 2017-06-23T09:32:59+08:00 ] 127.0.0.1 127.0.0.1 GET /favicon.ico
[ info ] home.tp.com/favicon.ico [运行时间：0.025001s][吞吐率：40.00req/s] [内存消耗：1,176.60kb] [文件加载：33]
[ info ] [ LANG ] D:\phpStudy\WWW\tp5\thinkphp\lang\zh-cn.php
[ info ] [ BIND ] 'index'
[ info ] [ ROUTE ] array (
  'type' => 'module',
  'module' => 
  array (
    0 => 'index',
    1 => 'favicon.ico',
    2 => NULL,
  ),
)
[ info ] [ HEADER ] array (
  'host' => 'home.tp.com',
  'connection' => 'keep-alive',
  'pragma' => 'no-cache',
  'cache-control' => 'no-cache',
  'user-agent' => 'Mozilla/5.0 (Windows NT 6.1; Win64; x64) AppleWebKit/537.36 (KHTML, like Gecko) Chrome/58.0.3029.110 Safari/537.36',
  'accept' => 'image/webp,image/*,*/*;q=0.8',
  'referer' => 'http://home.tp.com/about/insert',
  'accept-encoding' => 'gzip, deflate, sdch',
  'accept-language' => 'zh-CN,zh;q=0.8',
  'cookie' => 'Hm_lvt_f655f558c510211e38805f6b586e6b15=1495867583; BDTUJIAID=7ef518fd936710d9da99792a699e77f5',
)
[ info ] [ PARAM ] array (
)
[ info ] [ LOG ] INIT File
---------------------------------------------------------------
[ 2017-06-23T09:34:07+08:00 ] 127.0.0.1 127.0.0.1 GET /about/example2.volt?content=ada
[ info ] home.tp.com/about/example2.volt?content=ada [运行时间：0.025002s][吞吐率：40.00req/s] [内存消耗：1,263.73kb] [文件加载：30]
[ info ] [ LANG ] D:\phpStudy\WWW\tp5\thinkphp\lang\zh-cn.php
[ info ] [ BIND ] 'index'
[ info ] [ ROUTE ] array (
  'type' => 'module',
  'module' => 
  array (
    0 => 'index',
    1 => 'about',
    2 => 'example2',
  ),
)
[ info ] [ HEADER ] array (
  'host' => 'home.tp.com',
  'connection' => 'keep-alive',
  'upgrade-insecure-requests' => '1',
  'user-agent' => 'Mozilla/5.0 (Windows NT 6.1; Win64; x64) AppleWebKit/537.36 (KHTML, like Gecko) Chrome/58.0.3029.110 Safari/537.36',
  'accept' => 'text/html,application/xhtml+xml,application/xml;q=0.9,image/webp,*/*;q=0.8',
  'referer' => 'http://home.tp.com/about/insert',
  'accept-encoding' => 'gzip, deflate, sdch',
  'accept-language' => 'zh-CN,zh;q=0.8',
  'cookie' => 'thinkphp_show_page_trace=0|0; Hm_lvt_f655f558c510211e38805f6b586e6b15=1495867583; BDTUJIAID=7ef518fd936710d9da99792a699e77f5',
)
[ info ] [ PARAM ] array (
  'content' => 'ada',
)
[ info ] [ RUN ] app\index\controller\About->example2Action[ D:\phpStudy\WWW\tp5\application\index\controller\About.php ]
[ info ] [ LOG ] INIT File
---------------------------------------------------------------
[ 2017-06-23T09:34:28+08:00 ] 127.0.0.1 127.0.0.1 GET /about/insert
[ info ] home.tp.com/about/insert [运行时间：0.029002s][吞吐率：34.48req/s] [内存消耗：1,663.86kb] [文件加载：42]
[ info ] [ LANG ] D:\phpStudy\WWW\tp5\thinkphp\lang\zh-cn.php
[ info ] [ BIND ] 'index'
[ info ] [ ROUTE ] array (
  'type' => 'module',
  'module' => 
  array (
    0 => 'index',
    1 => 'about',
    2 => 'insert',
  ),
)
[ info ] [ HEADER ] array (
  'host' => 'home.tp.com',
  'connection' => 'keep-alive',
  'cache-control' => 'max-age=0',
  'upgrade-insecure-requests' => '1',
  'user-agent' => 'Mozilla/5.0 (Windows NT 6.1; Win64; x64) AppleWebKit/537.36 (KHTML, like Gecko) Chrome/58.0.3029.110 Safari/537.36',
  'accept' => 'text/html,application/xhtml+xml,application/xml;q=0.9,image/webp,*/*;q=0.8',
  'accept-encoding' => 'gzip, deflate, sdch',
  'accept-language' => 'zh-CN,zh;q=0.8',
  'cookie' => 'thinkphp_show_page_trace=0|0; Hm_lvt_f655f558c510211e38805f6b586e6b15=1495867583; BDTUJIAID=7ef518fd936710d9da99792a699e77f5',
)
[ info ] [ PARAM ] array (
)
[ info ] [ RUN ] app\index\controller\About->insertAction[ D:\phpStudy\WWW\tp5\application\index\controller\About.php ]
[ info ] [ VIEW ] D:\phpStudy\WWW\tp5\public/../application/index\view\about\insert.html [ array (
) ]
[ info ] [ LOG ] INIT File
---------------------------------------------------------------
[ 2017-06-23T09:34:30+08:00 ] 127.0.0.1 127.0.0.1 POST /about/example2.volt
[ info ] home.tp.com/about/example2.volt [运行时间：0.035002s][吞吐率：28.57req/s] [内存消耗：1,264.73kb] [文件加载：30]
[ info ] [ LANG ] D:\phpStudy\WWW\tp5\thinkphp\lang\zh-cn.php
[ info ] [ BIND ] 'index'
[ info ] [ ROUTE ] array (
  'type' => 'module',
  'module' => 
  array (
    0 => 'index',
    1 => 'about',
    2 => 'example2',
  ),
)
[ info ] [ HEADER ] array (
  'host' => 'home.tp.com',
  'connection' => 'keep-alive',
  'cache-control' => 'max-age=0',
  'origin' => 'http://home.tp.com',
  'upgrade-insecure-requests' => '1',
  'user-agent' => 'Mozilla/5.0 (Windows NT 6.1; Win64; x64) AppleWebKit/537.36 (KHTML, like Gecko) Chrome/58.0.3029.110 Safari/537.36',
  'content-type' => 'application/x-www-form-urlencoded',
  'accept' => 'text/html,application/xhtml+xml,application/xml;q=0.9,image/webp,*/*;q=0.8',
  'referer' => 'http://home.tp.com/about/insert',
  'accept-encoding' => 'gzip, deflate',
  'accept-language' => 'zh-CN,zh;q=0.8',
  'cookie' => 'thinkphp_show_page_trace=0|0; Hm_lvt_f655f558c510211e38805f6b586e6b15=1495867583; BDTUJIAID=7ef518fd936710d9da99792a699e77f5',
  'content-length' => '11',
)
[ info ] [ PARAM ] array (
  'content' => 'sda',
)
[ info ] [ RUN ] app\index\controller\About->example2Action[ D:\phpStudy\WWW\tp5\application\index\controller\About.php ]
[ info ] [ LOG ] INIT File
---------------------------------------------------------------
[ 2017-06-23T09:35:23+08:00 ] 127.0.0.1 127.0.0.1 GET /about/insert
[ info ] home.tp.com/about/insert [运行时间：0.048002s][吞吐率：20.83req/s] [内存消耗：1,213.40kb] [文件加载：34]
[ info ] [ LANG ] D:\phpStudy\WWW\tp5\thinkphp\lang\zh-cn.php
[ info ] [ BIND ] 'index'
[ info ] [ ROUTE ] array (
  'type' => 'module',
  'module' => 
  array (
    0 => 'index',
    1 => 'about',
    2 => 'insert',
  ),
)
[ info ] [ HEADER ] array (
  'host' => 'home.tp.com',
  'connection' => 'keep-alive',
  'cache-control' => 'max-age=0',
  'upgrade-insecure-requests' => '1',
  'user-agent' => 'Mozilla/5.0 (Windows NT 6.1; Win64; x64) AppleWebKit/537.36 (KHTML, like Gecko) Chrome/58.0.3029.110 Safari/537.36',
  'accept' => 'text/html,application/xhtml+xml,application/xml;q=0.9,image/webp,*/*;q=0.8',
  'accept-encoding' => 'gzip, deflate, sdch',
  'accept-language' => 'zh-CN,zh;q=0.8',
  'cookie' => 'thinkphp_show_page_trace=0|0; Hm_lvt_f655f558c510211e38805f6b586e6b15=1495867583; BDTUJIAID=7ef518fd936710d9da99792a699e77f5',
)
[ info ] [ PARAM ] array (
)
[ info ] [ LOG ] INIT File
[ error ] [4]语法错误: unexpected '$message' (T_VARIABLE), expecting '('[D:\phpStudy\WWW\tp5\application\index\controller\About.php:72]
---------------------------------------------------------------
[ 2017-06-23T09:35:35+08:00 ] 127.0.0.1 127.0.0.1 GET /about/insert
[ info ] home.tp.com/about/insert [运行时间：0.045003s][吞吐率：22.22req/s] [内存消耗：1,663.88kb] [文件加载：42]
[ info ] [ LANG ] D:\phpStudy\WWW\tp5\thinkphp\lang\zh-cn.php
[ info ] [ BIND ] 'index'
[ info ] [ ROUTE ] array (
  'type' => 'module',
  'module' => 
  array (
    0 => 'index',
    1 => 'about',
    2 => 'insert',
  ),
)
[ info ] [ HEADER ] array (
  'host' => 'home.tp.com',
  'connection' => 'keep-alive',
  'cache-control' => 'max-age=0',
  'upgrade-insecure-requests' => '1',
  'user-agent' => 'Mozilla/5.0 (Windows NT 6.1; Win64; x64) AppleWebKit/537.36 (KHTML, like Gecko) Chrome/58.0.3029.110 Safari/537.36',
  'accept' => 'text/html,application/xhtml+xml,application/xml;q=0.9,image/webp,*/*;q=0.8',
  'accept-encoding' => 'gzip, deflate, sdch',
  'accept-language' => 'zh-CN,zh;q=0.8',
  'cookie' => 'thinkphp_show_page_trace=0|0; Hm_lvt_f655f558c510211e38805f6b586e6b15=1495867583; BDTUJIAID=7ef518fd936710d9da99792a699e77f5',
)
[ info ] [ PARAM ] array (
)
[ info ] [ RUN ] app\index\controller\About->insertAction[ D:\phpStudy\WWW\tp5\application\index\controller\About.php ]
[ info ] [ VIEW ] D:\phpStudy\WWW\tp5\public/../application/index\view\about\insert.html [ array (
) ]
[ info ] [ LOG ] INIT File
---------------------------------------------------------------
[ 2017-06-23T09:35:37+08:00 ] 127.0.0.1 127.0.0.1 POST /about/example2.volt
[ info ] home.tp.com/about/example2.volt [运行时间：0.049003s][吞吐率：20.41req/s] [内存消耗：1,743.31kb] [文件加载：45]
[ info ] [ LANG ] D:\phpStudy\WWW\tp5\thinkphp\lang\zh-cn.php
[ info ] [ BIND ] 'index'
[ info ] [ ROUTE ] array (
  'type' => 'module',
  'module' => 
  array (
    0 => 'index',
    1 => 'about',
    2 => 'example2',
  ),
)
[ info ] [ HEADER ] array (
  'host' => 'home.tp.com',
  'connection' => 'keep-alive',
  'cache-control' => 'max-age=0',
  'origin' => 'http://home.tp.com',
  'upgrade-insecure-requests' => '1',
  'user-agent' => 'Mozilla/5.0 (Windows NT 6.1; Win64; x64) AppleWebKit/537.36 (KHTML, like Gecko) Chrome/58.0.3029.110 Safari/537.36',
  'content-type' => 'application/x-www-form-urlencoded',
  'accept' => 'text/html,application/xhtml+xml,application/xml;q=0.9,image/webp,*/*;q=0.8',
  'referer' => 'http://home.tp.com/about/insert',
  'accept-encoding' => 'gzip, deflate',
  'accept-language' => 'zh-CN,zh;q=0.8',
  'cookie' => 'thinkphp_show_page_trace=0|0; Hm_lvt_f655f558c510211e38805f6b586e6b15=1495867583; BDTUJIAID=7ef518fd936710d9da99792a699e77f5',
  'content-length' => '11',
)
[ info ] [ PARAM ] array (
  'content' => 'sda',
)
[ info ] [ RUN ] app\index\controller\About->example2Action[ D:\phpStudy\WWW\tp5\application\index\controller\About.php ]
[ info ] [ LOG ] INIT File
---------------------------------------------------------------
[ 2017-06-23T09:54:36+08:00 ] 127.0.0.1 127.0.0.1 POST /about/example2.volt
[ info ] home.tp.com/about/example2.volt [运行时间：0.212012s][吞吐率：4.72req/s] [内存消耗：2,927.17kb] [文件加载：97]
[ info ] [ LANG ] D:\phpStudy\WWW\tp5\thinkphp\lang\zh-cn.php
[ info ] [ BIND ] 'index'
[ info ] [ ROUTE ] array (
  'type' => 'module',
  'module' => 
  array (
    0 => 'index',
    1 => 'about',
    2 => 'example2',
  ),
)
[ info ] [ HEADER ] array (
  'host' => 'home.tp.com',
  'connection' => 'keep-alive',
  'cache-control' => 'max-age=0',
  'origin' => 'http://home.tp.com',
  'upgrade-insecure-requests' => '1',
  'user-agent' => 'Mozilla/5.0 (Windows NT 6.1; Win64; x64) AppleWebKit/537.36 (KHTML, like Gecko) Chrome/58.0.3029.110 Safari/537.36',
  'content-type' => 'application/x-www-form-urlencoded',
  'accept' => 'text/html,application/xhtml+xml,application/xml;q=0.9,image/webp,*/*;q=0.8',
  'referer' => 'http://home.tp.com/about/insert',
  'accept-encoding' => 'gzip, deflate',
  'accept-language' => 'zh-CN,zh;q=0.8',
  'cookie' => 'thinkphp_show_page_trace=0|0; Hm_lvt_f655f558c510211e38805f6b586e6b15=1495867583; BDTUJIAID=7ef518fd936710d9da99792a699e77f5',
  'content-length' => '11',
)
[ info ] [ PARAM ] array (
  'content' => 'sda',
)
[ info ] [ RUN ] app\index\controller\About->example2Action[ D:\phpStudy\WWW\tp5\application\index\controller\About.php ]
[ info ] [ LOG ] INIT File
[ error ] [2]fsockopen(): [D:\phpStudy\WWW\tp5\extend\kafuka\src\Kafka\Socket.php:236]
[ error ] [0]Not has broker can connection `metadataBrokerList`[D:\phpStudy\WWW\tp5\extend\kafuka\src\Kafka\Producer\Process.php:225]
---------------------------------------------------------------
[ 2017-06-23T09:54:49+08:00 ] 127.0.0.1 127.0.0.1 GET /about/insert
[ info ] home.tp.com/about/insert [运行时间：0.065004s][吞吐率：15.38req/s] [内存消耗：2,287.23kb] [文件加载：42]
[ info ] [ LANG ] D:\phpStudy\WWW\tp5\thinkphp\lang\zh-cn.php
[ info ] [ BIND ] 'index'
[ info ] [ ROUTE ] array (
  'type' => 'module',
  'module' => 
  array (
    0 => 'index',
    1 => 'about',
    2 => 'insert',
  ),
)
[ info ] [ HEADER ] array (
  'host' => 'home.tp.com',
  'connection' => 'keep-alive',
  'cache-control' => 'max-age=0',
  'upgrade-insecure-requests' => '1',
  'user-agent' => 'Mozilla/5.0 (Windows NT 6.1; Win64; x64) AppleWebKit/537.36 (KHTML, like Gecko) Chrome/58.0.3029.110 Safari/537.36',
  'accept' => 'text/html,application/xhtml+xml,application/xml;q=0.9,image/webp,*/*;q=0.8',
  'accept-encoding' => 'gzip, deflate, sdch',
  'accept-language' => 'zh-CN,zh;q=0.8',
  'cookie' => 'thinkphp_show_page_trace=0|0; Hm_lvt_f655f558c510211e38805f6b586e6b15=1495867583; BDTUJIAID=7ef518fd936710d9da99792a699e77f5',
)
[ info ] [ PARAM ] array (
)
[ info ] [ RUN ] app\index\controller\About->insertAction[ D:\phpStudy\WWW\tp5\application\index\controller\About.php ]
[ info ] [ VIEW ] D:\phpStudy\WWW\tp5\public/../application/index\view\about\insert.html [ array (
) ]
[ info ] [ LOG ] INIT File
---------------------------------------------------------------
[ 2017-06-23T09:54:51+08:00 ] 127.0.0.1 127.0.0.1 POST /about/example2.volt
[ info ] home.tp.com/about/example2.volt [运行时间：0.184011s][吞吐率：5.43req/s] [内存消耗：2,927.17kb] [文件加载：97]
[ info ] [ LANG ] D:\phpStudy\WWW\tp5\thinkphp\lang\zh-cn.php
[ info ] [ BIND ] 'index'
[ info ] [ ROUTE ] array (
  'type' => 'module',
  'module' => 
  array (
    0 => 'index',
    1 => 'about',
    2 => 'example2',
  ),
)
[ info ] [ HEADER ] array (
  'host' => 'home.tp.com',
  'connection' => 'keep-alive',
  'cache-control' => 'max-age=0',
  'origin' => 'http://home.tp.com',
  'upgrade-insecure-requests' => '1',
  'user-agent' => 'Mozilla/5.0 (Windows NT 6.1; Win64; x64) AppleWebKit/537.36 (KHTML, like Gecko) Chrome/58.0.3029.110 Safari/537.36',
  'content-type' => 'application/x-www-form-urlencoded',
  'accept' => 'text/html,application/xhtml+xml,application/xml;q=0.9,image/webp,*/*;q=0.8',
  'referer' => 'http://home.tp.com/about/insert',
  'accept-encoding' => 'gzip, deflate',
  'accept-language' => 'zh-CN,zh;q=0.8',
  'cookie' => 'thinkphp_show_page_trace=0|0; Hm_lvt_f655f558c510211e38805f6b586e6b15=1495867583; BDTUJIAID=7ef518fd936710d9da99792a699e77f5',
  'content-length' => '11',
)
[ info ] [ PARAM ] array (
  'content' => '123',
)
[ info ] [ RUN ] app\index\controller\About->example2Action[ D:\phpStudy\WWW\tp5\application\index\controller\About.php ]
[ info ] [ LOG ] INIT File
[ error ] [2]fsockopen(): [D:\phpStudy\WWW\tp5\extend\kafuka\src\Kafka\Socket.php:236]
[ error ] [0]Not has broker can connection `metadataBrokerList`[D:\phpStudy\WWW\tp5\extend\kafuka\src\Kafka\Producer\Process.php:225]
---------------------------------------------------------------
[ 2017-06-23T09:56:10+08:00 ] 127.0.0.1 127.0.0.1 POST /about/example2.volt
[ info ] home.tp.com/about/example2.volt [运行时间：0.219013s][吞吐率：4.57req/s] [内存消耗：2,927.17kb] [文件加载：97]
[ info ] [ LANG ] D:\phpStudy\WWW\tp5\thinkphp\lang\zh-cn.php
[ info ] [ BIND ] 'index'
[ info ] [ ROUTE ] array (
  'type' => 'module',
  'module' => 
  array (
    0 => 'index',
    1 => 'about',
    2 => 'example2',
  ),
)
[ info ] [ HEADER ] array (
  'host' => 'home.tp.com',
  'connection' => 'keep-alive',
  'cache-control' => 'max-age=0',
  'origin' => 'http://home.tp.com',
  'upgrade-insecure-requests' => '1',
  'user-agent' => 'Mozilla/5.0 (Windows NT 6.1; Win64; x64) AppleWebKit/537.36 (KHTML, like Gecko) Chrome/58.0.3029.110 Safari/537.36',
  'content-type' => 'application/x-www-form-urlencoded',
  'accept' => 'text/html,application/xhtml+xml,application/xml;q=0.9,image/webp,*/*;q=0.8',
  'referer' => 'http://home.tp.com/about/insert',
  'accept-encoding' => 'gzip, deflate',
  'accept-language' => 'zh-CN,zh;q=0.8',
  'cookie' => 'thinkphp_show_page_trace=0|0; Hm_lvt_f655f558c510211e38805f6b586e6b15=1495867583; BDTUJIAID=7ef518fd936710d9da99792a699e77f5',
  'content-length' => '11',
)
[ info ] [ PARAM ] array (
  'content' => '123',
)
[ info ] [ RUN ] app\index\controller\About->example2Action[ D:\phpStudy\WWW\tp5\application\index\controller\About.php ]
[ info ] [ LOG ] INIT File
[ error ] [2]fsockopen(): [D:\phpStudy\WWW\tp5\extend\kafuka\src\Kafka\Socket.php:236]
[ error ] [0]Not has broker can connection `metadataBrokerList`[D:\phpStudy\WWW\tp5\extend\kafuka\src\Kafka\Producer\Process.php:225]
---------------------------------------------------------------
[ 2017-06-23T13:21:42+08:00 ] 127.0.0.1 127.0.0.1 GET /about/insert
[ info ] home.tp.com/about/insert [运行时间：0.058003s][吞吐率：17.24req/s] [内存消耗：2,287.73kb] [文件加载：42]
[ info ] [ LANG ] D:\phpStudy\WWW\tp5\thinkphp\lang\zh-cn.php
[ info ] [ BIND ] 'index'
[ info ] [ ROUTE ] array (
  'type' => 'module',
  'module' => 
  array (
    0 => 'index',
    1 => 'about',
    2 => 'insert',
  ),
)
[ info ] [ HEADER ] array (
  'host' => 'home.tp.com',
  'connection' => 'keep-alive',
  'cache-control' => 'max-age=0',
  'upgrade-insecure-requests' => '1',
  'user-agent' => 'Mozilla/5.0 (Windows NT 6.1; Win64; x64) AppleWebKit/537.36 (KHTML, like Gecko) Chrome/58.0.3029.110 Safari/537.36',
  'accept' => 'text/html,application/xhtml+xml,application/xml;q=0.9,image/webp,*/*;q=0.8',
  'accept-encoding' => 'gzip, deflate, sdch',
  'accept-language' => 'zh-CN,zh;q=0.8',
  'cookie' => 'thinkphp_show_page_trace=0|0; Hm_lvt_f655f558c510211e38805f6b586e6b15=1495867583; BDTUJIAID=7ef518fd936710d9da99792a699e77f5',
)
[ info ] [ PARAM ] array (
)
[ info ] [ RUN ] app\index\controller\About->insertAction[ D:\phpStudy\WWW\tp5\application\index\controller\About.php ]
[ info ] [ VIEW ] D:\phpStudy\WWW\tp5\public/../application/index\view\about\insert.html [ array (
) ]
[ info ] [ LOG ] INIT File
---------------------------------------------------------------
[ 2017-06-23T13:21:47+08:00 ] 127.0.0.1 127.0.0.1 POST /about/example2.volt
[ info ] home.tp.com/about/example2.volt [运行时间：0.183011s][吞吐率：5.46req/s] [内存消耗：2,927.70kb] [文件加载：97]
[ info ] [ LANG ] D:\phpStudy\WWW\tp5\thinkphp\lang\zh-cn.php
[ info ] [ BIND ] 'index'
[ info ] [ ROUTE ] array (
  'type' => 'module',
  'module' => 
  array (
    0 => 'index',
    1 => 'about',
    2 => 'example2',
  ),
)
[ info ] [ HEADER ] array (
  'host' => 'home.tp.com',
  'connection' => 'keep-alive',
  'cache-control' => 'max-age=0',
  'origin' => 'http://home.tp.com',
  'upgrade-insecure-requests' => '1',
  'user-agent' => 'Mozilla/5.0 (Windows NT 6.1; Win64; x64) AppleWebKit/537.36 (KHTML, like Gecko) Chrome/58.0.3029.110 Safari/537.36',
  'content-type' => 'application/x-www-form-urlencoded',
  'accept' => 'text/html,application/xhtml+xml,application/xml;q=0.9,image/webp,*/*;q=0.8',
  'referer' => 'http://home.tp.com/about/insert',
  'accept-encoding' => 'gzip, deflate',
  'accept-language' => 'zh-CN,zh;q=0.8',
  'cookie' => 'thinkphp_show_page_trace=0|0; Hm_lvt_f655f558c510211e38805f6b586e6b15=1495867583; BDTUJIAID=7ef518fd936710d9da99792a699e77f5',
  'content-length' => '10',
)
[ info ] [ PARAM ] array (
  'content' => 'oo',
)
[ info ] [ RUN ] app\index\controller\About->example2Action[ D:\phpStudy\WWW\tp5\application\index\controller\About.php ]
[ info ] [ LOG ] INIT File
[ error ] [2]fsockopen(): [D:\phpStudy\WWW\tp5\extend\kafuka\src\Kafka\Socket.php:236]
[ error ] [0]Not has broker can connection `metadataBrokerList`[D:\phpStudy\WWW\tp5\extend\kafuka\src\Kafka\Producer\Process.php:225]
