---------------------------------------------------------------
[ 2017-05-24T17:41:08+08:00 ] 127.0.0.1 127.0.0.1 GET /article/index.volt
[ info ] admin.tp.com/article/index.volt [运行时间：0.093006s][吞吐率：10.75req/s] [内存消耗：2,347.20kb] [文件加载：48]
[ info ] [ LANG ] D:\phpStudy\WWW\tp5\thinkphp\lang\zh-cn.php
[ info ] [ BIND ] 'admin'
[ info ] [ ROUTE ] array (
  'type' => 'module',
  'module' => 
  array (
    0 => 'admin',
    1 => 'article',
    2 => 'index',
  ),
)
[ info ] [ HEADER ] array (
  'host' => 'admin.tp.com',
  'connection' => 'keep-alive',
  'cache-control' => 'max-age=0',
  'accept' => 'text/html,application/xhtml+xml,application/xml;q=0.9,image/webp,*/*;q=0.8',
  'upgrade-insecure-requests' => '1',
  'user-agent' => 'Mozilla/5.0 (Windows NT 6.1; WOW64) AppleWebKit/537.36 (KHTML, like Gecko) Chrome/50.0.2661.102 UBrowser/6.1.2716.5 Safari/537.36',
  'referer' => 'http://admin.tp.com/article/insert.volt',
  'accept-encoding' => 'gzip, deflate',
  'accept-language' => 'zh-CN,zh;q=0.8,en;q=0.6',
  'cookie' => 'ckCsrfToken=N01GOqmYHSe325ymXZp6ajcBbmQ2I4U4i1exxF09; style=d',
)
[ info ] [ PARAM ] array (
)
[ info ] [ RUN ] app\admin\controller\Article->indexAction[ D:\phpStudy\WWW\tp5\application\admin\controller\Article.php ]
[ info ] [ DB ] INIT mysql
[ info ] [ VIEW ] D:\phpStudy\WWW\tp5\public/../application/admin\view\article\index.html [ array (
  0 => 'pages',
  1 => 'articles',
) ]
[ info ] [ LOG ] INIT File
[ sql ] [ DB ] CONNECT:[ UseTime:0.010000s ] mysql:dbname=xm_db;host=127.0.0.1;port=3306;charset=utf8
[ sql ] [ SQL ] SHOW COLUMNS FROM `xm_article` [ RunTime:0.023002s ]
[ sql ] [ SQL ] SELECT * FROM `xm_article` [ RunTime:0.001000s ]
---------------------------------------------------------------
[ 2017-05-24T17:41:54+08:00 ] 127.0.0.1 127.0.0.1 GET /article/index.volt
[ info ] admin.tp.com/article/index.volt [运行时间：0.079005s][吞吐率：12.66req/s] [内存消耗：2,347.19kb] [文件加载：48]
[ info ] [ LANG ] D:\phpStudy\WWW\tp5\thinkphp\lang\zh-cn.php
[ info ] [ BIND ] 'admin'
[ info ] [ ROUTE ] array (
  'type' => 'module',
  'module' => 
  array (
    0 => 'admin',
    1 => 'article',
    2 => 'index',
  ),
)
[ info ] [ HEADER ] array (
  'host' => 'admin.tp.com',
  'connection' => 'keep-alive',
  'cache-control' => 'max-age=0',
  'accept' => 'text/html,application/xhtml+xml,application/xml;q=0.9,image/webp,*/*;q=0.8',
  'upgrade-insecure-requests' => '1',
  'user-agent' => 'Mozilla/5.0 (Windows NT 6.1; WOW64) AppleWebKit/537.36 (KHTML, like Gecko) Chrome/50.0.2661.102 UBrowser/6.1.2716.5 Safari/537.36',
  'referer' => 'http://admin.tp.com/article/insert.volt',
  'accept-encoding' => 'gzip, deflate',
  'accept-language' => 'zh-CN,zh;q=0.8,en;q=0.6',
  'cookie' => 'ckCsrfToken=N01GOqmYHSe325ymXZp6ajcBbmQ2I4U4i1exxF09; style=d',
)
[ info ] [ PARAM ] array (
)
[ info ] [ RUN ] app\admin\controller\Article->indexAction[ D:\phpStudy\WWW\tp5\application\admin\controller\Article.php ]
[ info ] [ DB ] INIT mysql
[ info ] [ VIEW ] D:\phpStudy\WWW\tp5\public/../application/admin\view\article\index.html [ array (
  0 => 'pages',
  1 => 'articles',
) ]
[ info ] [ LOG ] INIT File
[ sql ] [ DB ] CONNECT:[ UseTime:0.002000s ] mysql:dbname=xm_db;host=127.0.0.1;port=3306;charset=utf8
[ sql ] [ SQL ] SHOW COLUMNS FROM `xm_article` [ RunTime:0.024001s ]
[ sql ] [ SQL ] SELECT * FROM `xm_article` [ RunTime:0.002000s ]
---------------------------------------------------------------
[ 2017-05-24T17:42:16+08:00 ] 127.0.0.1 127.0.0.1 GET /article/index.volt
[ info ] admin.tp.com/article/index.volt [运行时间：0.084004s][吞吐率：11.90req/s] [内存消耗：2,347.19kb] [文件加载：48]
[ info ] [ LANG ] D:\phpStudy\WWW\tp5\thinkphp\lang\zh-cn.php
[ info ] [ BIND ] 'admin'
[ info ] [ ROUTE ] array (
  'type' => 'module',
  'module' => 
  array (
    0 => 'admin',
    1 => 'article',
    2 => 'index',
  ),
)
[ info ] [ HEADER ] array (
  'host' => 'admin.tp.com',
  'connection' => 'keep-alive',
  'cache-control' => 'max-age=0',
  'accept' => 'text/html,application/xhtml+xml,application/xml;q=0.9,image/webp,*/*;q=0.8',
  'upgrade-insecure-requests' => '1',
  'user-agent' => 'Mozilla/5.0 (Windows NT 6.1; WOW64) AppleWebKit/537.36 (KHTML, like Gecko) Chrome/50.0.2661.102 UBrowser/6.1.2716.5 Safari/537.36',
  'referer' => 'http://admin.tp.com/article/insert.volt',
  'accept-encoding' => 'gzip, deflate',
  'accept-language' => 'zh-CN,zh;q=0.8,en;q=0.6',
  'cookie' => 'ckCsrfToken=N01GOqmYHSe325ymXZp6ajcBbmQ2I4U4i1exxF09; style=d',
)
[ info ] [ PARAM ] array (
)
[ info ] [ RUN ] app\admin\controller\Article->indexAction[ D:\phpStudy\WWW\tp5\application\admin\controller\Article.php ]
[ info ] [ DB ] INIT mysql
[ info ] [ VIEW ] D:\phpStudy\WWW\tp5\public/../application/admin\view\article\index.html [ array (
  0 => 'pages',
  1 => 'articles',
) ]
[ info ] [ LOG ] INIT File
[ sql ] [ DB ] CONNECT:[ UseTime:0.002000s ] mysql:dbname=xm_db;host=127.0.0.1;port=3306;charset=utf8
[ sql ] [ SQL ] SHOW COLUMNS FROM `xm_article` [ RunTime:0.023002s ]
[ sql ] [ SQL ] SELECT * FROM `xm_article` [ RunTime:0.002000s ]
---------------------------------------------------------------
[ 2017-05-24T17:42:56+08:00 ] 127.0.0.1 127.0.0.1 GET /article/index.volt
[ info ] admin.tp.com/article/index.volt [运行时间：0.075005s][吞吐率：13.33req/s] [内存消耗：2,347.55kb] [文件加载：48]
[ info ] [ LANG ] D:\phpStudy\WWW\tp5\thinkphp\lang\zh-cn.php
[ info ] [ BIND ] 'admin'
[ info ] [ ROUTE ] array (
  'type' => 'module',
  'module' => 
  array (
    0 => 'admin',
    1 => 'article',
    2 => 'index',
  ),
)
[ info ] [ HEADER ] array (
  'host' => 'admin.tp.com',
  'connection' => 'keep-alive',
  'cache-control' => 'max-age=0',
  'accept' => 'text/html,application/xhtml+xml,application/xml;q=0.9,image/webp,*/*;q=0.8',
  'upgrade-insecure-requests' => '1',
  'user-agent' => 'Mozilla/5.0 (Windows NT 6.1; WOW64) AppleWebKit/537.36 (KHTML, like Gecko) Chrome/50.0.2661.102 UBrowser/6.1.2716.5 Safari/537.36',
  'referer' => 'http://admin.tp.com/article/insert.volt',
  'accept-encoding' => 'gzip, deflate',
  'accept-language' => 'zh-CN,zh;q=0.8,en;q=0.6',
  'cookie' => 'ckCsrfToken=N01GOqmYHSe325ymXZp6ajcBbmQ2I4U4i1exxF09; style=d',
)
[ info ] [ PARAM ] array (
)
[ info ] [ RUN ] app\admin\controller\Article->indexAction[ D:\phpStudy\WWW\tp5\application\admin\controller\Article.php ]
[ info ] [ DB ] INIT mysql
[ info ] [ VIEW ] D:\phpStudy\WWW\tp5\public/../application/admin\view\article\index.html [ array (
  0 => 'pages',
  1 => 'articles',
) ]
[ info ] [ LOG ] INIT File
[ sql ] [ DB ] CONNECT:[ UseTime:0.010000s ] mysql:dbname=xm_db;host=127.0.0.1;port=3306;charset=utf8
[ sql ] [ SQL ] SHOW COLUMNS FROM `xm_article` [ RunTime:0.013001s ]
[ sql ] [ SQL ] SELECT * FROM `xm_article` ORDER BY create_time desc [ RunTime:0.002000s ]
---------------------------------------------------------------
[ 2017-05-24T17:43:03+08:00 ] 127.0.0.1 127.0.0.1 POST /Article/index
[ info ] admin.tp.com/Article/index [运行时间：0.071005s][吞吐率：14.08req/s] [内存消耗：2,058.45kb] [文件加载：44]
[ info ] [ LANG ] D:\phpStudy\WWW\tp5\thinkphp\lang\zh-cn.php
[ info ] [ BIND ] 'admin'
[ info ] [ ROUTE ] array (
  'type' => 'module',
  'module' => 
  array (
    0 => 'admin',
    1 => 'Article',
    2 => 'index',
  ),
)
[ info ] [ HEADER ] array (
  'host' => 'admin.tp.com',
  'connection' => 'keep-alive',
  'accept' => 'application/json, text/javascript, */*; q=0.01',
  'origin' => 'http://admin.tp.com',
  'x-requested-with' => 'XMLHttpRequest',
  'user-agent' => 'Mozilla/5.0 (Windows NT 6.1; WOW64) AppleWebKit/537.36 (KHTML, like Gecko) Chrome/50.0.2661.102 UBrowser/6.1.2716.5 Safari/537.36',
  'content-type' => 'application/x-www-form-urlencoded; charset=UTF-8',
  'referer' => 'http://admin.tp.com/article/index.volt',
  'accept-encoding' => 'gzip, deflate',
  'accept-language' => 'zh-CN,zh;q=0.8,en;q=0.6',
  'cookie' => 'ckCsrfToken=N01GOqmYHSe325ymXZp6ajcBbmQ2I4U4i1exxF09; style=d',
  'content-length' => '17',
)
[ info ] [ PARAM ] array (
  'pgNum' => '2',
  'pgSize' => '10',
)
[ info ] [ RUN ] app\admin\controller\Article->indexAction[ D:\phpStudy\WWW\tp5\application\admin\controller\Article.php ]
[ info ] [ DB ] INIT mysql
[ info ] [ LOG ] INIT File
[ sql ] [ DB ] CONNECT:[ UseTime:0.002001s ] mysql:dbname=xm_db;host=127.0.0.1;port=3306;charset=utf8
[ sql ] [ SQL ] SHOW COLUMNS FROM `xm_article` [ RunTime:0.013000s ]
[ sql ] [ SQL ] SELECT * FROM `xm_article` ORDER BY create_time desc [ RunTime:0.002000s ]
---------------------------------------------------------------
[ 2017-05-24T17:43:04+08:00 ] 127.0.0.1 127.0.0.1 POST /Article/index
[ info ] admin.tp.com/Article/index [运行时间：0.079005s][吞吐率：12.66req/s] [内存消耗：2,058.43kb] [文件加载：44]
[ info ] [ LANG ] D:\phpStudy\WWW\tp5\thinkphp\lang\zh-cn.php
[ info ] [ BIND ] 'admin'
[ info ] [ ROUTE ] array (
  'type' => 'module',
  'module' => 
  array (
    0 => 'admin',
    1 => 'Article',
    2 => 'index',
  ),
)
[ info ] [ HEADER ] array (
  'host' => 'admin.tp.com',
  'connection' => 'keep-alive',
  'accept' => 'application/json, text/javascript, */*; q=0.01',
  'origin' => 'http://admin.tp.com',
  'x-requested-with' => 'XMLHttpRequest',
  'user-agent' => 'Mozilla/5.0 (Windows NT 6.1; WOW64) AppleWebKit/537.36 (KHTML, like Gecko) Chrome/50.0.2661.102 UBrowser/6.1.2716.5 Safari/537.36',
  'content-type' => 'application/x-www-form-urlencoded; charset=UTF-8',
  'referer' => 'http://admin.tp.com/article/index.volt',
  'accept-encoding' => 'gzip, deflate',
  'accept-language' => 'zh-CN,zh;q=0.8,en;q=0.6',
  'cookie' => 'ckCsrfToken=N01GOqmYHSe325ymXZp6ajcBbmQ2I4U4i1exxF09; style=d',
  'content-length' => '17',
)
[ info ] [ PARAM ] array (
  'pgNum' => '1',
  'pgSize' => '10',
)
[ info ] [ RUN ] app\admin\controller\Article->indexAction[ D:\phpStudy\WWW\tp5\application\admin\controller\Article.php ]
[ info ] [ DB ] INIT mysql
[ info ] [ LOG ] INIT File
[ sql ] [ DB ] CONNECT:[ UseTime:0.011001s ] mysql:dbname=xm_db;host=127.0.0.1;port=3306;charset=utf8
[ sql ] [ SQL ] SHOW COLUMNS FROM `xm_article` [ RunTime:0.011000s ]
[ sql ] [ SQL ] SELECT * FROM `xm_article` ORDER BY create_time desc [ RunTime:0.001000s ]
---------------------------------------------------------------
[ 2017-05-24T17:43:08+08:00 ] 127.0.0.1 127.0.0.1 POST /Article/delete
[ info ] admin.tp.com/Article/delete [运行时间：0.114007s][吞吐率：8.77req/s] [内存消耗：2,131.38kb] [文件加载：47]
[ info ] [ LANG ] D:\phpStudy\WWW\tp5\thinkphp\lang\zh-cn.php
[ info ] [ BIND ] 'admin'
[ info ] [ ROUTE ] array (
  'type' => 'module',
  'module' => 
  array (
    0 => 'admin',
    1 => 'Article',
    2 => 'delete',
  ),
)
[ info ] [ HEADER ] array (
  'host' => 'admin.tp.com',
  'connection' => 'keep-alive',
  'accept' => 'application/json, text/javascript, */*; q=0.01',
  'origin' => 'http://admin.tp.com',
  'x-requested-with' => 'XMLHttpRequest',
  'user-agent' => 'Mozilla/5.0 (Windows NT 6.1; WOW64) AppleWebKit/537.36 (KHTML, like Gecko) Chrome/50.0.2661.102 UBrowser/6.1.2716.5 Safari/537.36',
  'content-type' => 'application/x-www-form-urlencoded; charset=UTF-8',
  'referer' => 'http://admin.tp.com/article/index.volt',
  'accept-encoding' => 'gzip, deflate',
  'accept-language' => 'zh-CN,zh;q=0.8,en;q=0.6',
  'cookie' => 'ckCsrfToken=N01GOqmYHSe325ymXZp6ajcBbmQ2I4U4i1exxF09; style=d',
  'content-length' => '5',
)
[ info ] [ PARAM ] array (
  'id' => '58',
)
[ info ] [ RUN ] app\admin\controller\Article->deleteAction[ D:\phpStudy\WWW\tp5\application\admin\controller\Article.php ]
[ info ] [ DB ] INIT mysql
[ info ] [ CACHE ] INIT File
[ info ] [ LOG ] INIT File
[ sql ] [ DB ] CONNECT:[ UseTime:0.004000s ] mysql:dbname=xm_db;host=127.0.0.1;port=3306;charset=utf8
[ sql ] [ SQL ] SHOW COLUMNS FROM `xm_article` [ RunTime:0.024001s ]
[ sql ] [ SQL ] DELETE FROM `xm_article`    WHERE  `id` = 58 [ RunTime:0.002000s ]
---------------------------------------------------------------
[ 2017-05-24T17:43:10+08:00 ] 127.0.0.1 127.0.0.1 GET /article/index.volt
[ info ] admin.tp.com/article/index.volt [运行时间：0.079004s][吞吐率：12.66req/s] [内存消耗：2,347.81kb] [文件加载：48]
[ info ] [ LANG ] D:\phpStudy\WWW\tp5\thinkphp\lang\zh-cn.php
[ info ] [ BIND ] 'admin'
[ info ] [ ROUTE ] array (
  'type' => 'module',
  'module' => 
  array (
    0 => 'admin',
    1 => 'article',
    2 => 'index',
  ),
)
[ info ] [ HEADER ] array (
  'host' => 'admin.tp.com',
  'connection' => 'keep-alive',
  'cache-control' => 'max-age=0',
  'accept' => 'text/html,application/xhtml+xml,application/xml;q=0.9,image/webp,*/*;q=0.8',
  'upgrade-insecure-requests' => '1',
  'user-agent' => 'Mozilla/5.0 (Windows NT 6.1; WOW64) AppleWebKit/537.36 (KHTML, like Gecko) Chrome/50.0.2661.102 UBrowser/6.1.2716.5 Safari/537.36',
  'referer' => 'http://admin.tp.com/article/insert.volt',
  'accept-encoding' => 'gzip, deflate',
  'accept-language' => 'zh-CN,zh;q=0.8,en;q=0.6',
  'cookie' => 'ckCsrfToken=N01GOqmYHSe325ymXZp6ajcBbmQ2I4U4i1exxF09; style=d',
)
[ info ] [ PARAM ] array (
)
[ info ] [ RUN ] app\admin\controller\Article->indexAction[ D:\phpStudy\WWW\tp5\application\admin\controller\Article.php ]
[ info ] [ DB ] INIT mysql
[ info ] [ VIEW ] D:\phpStudy\WWW\tp5\public/../application/admin\view\article\index.html [ array (
  0 => 'pages',
  1 => 'articles',
) ]
[ info ] [ LOG ] INIT File
[ sql ] [ DB ] CONNECT:[ UseTime:0.002000s ] mysql:dbname=xm_db;host=127.0.0.1;port=3306;charset=utf8
[ sql ] [ SQL ] SHOW COLUMNS FROM `xm_article` [ RunTime:0.015000s ]
[ sql ] [ SQL ] SELECT * FROM `xm_article` ORDER BY create_time desc [ RunTime:0.001001s ]
---------------------------------------------------------------
[ 2017-05-24T17:43:27+08:00 ] 127.0.0.1 127.0.0.1 GET /article/index.volt
[ info ] admin.tp.com/article/index.volt [运行时间：0.067004s][吞吐率：14.92req/s] [内存消耗：2,347.81kb] [文件加载：48]
[ info ] [ LANG ] D:\phpStudy\WWW\tp5\thinkphp\lang\zh-cn.php
[ info ] [ BIND ] 'admin'
[ info ] [ ROUTE ] array (
  'type' => 'module',
  'module' => 
  array (
    0 => 'admin',
    1 => 'article',
    2 => 'index',
  ),
)
[ info ] [ HEADER ] array (
  'host' => 'admin.tp.com',
  'connection' => 'keep-alive',
  'cache-control' => 'max-age=0',
  'accept' => 'text/html,application/xhtml+xml,application/xml;q=0.9,image/webp,*/*;q=0.8',
  'upgrade-insecure-requests' => '1',
  'user-agent' => 'Mozilla/5.0 (Windows NT 6.1; WOW64) AppleWebKit/537.36 (KHTML, like Gecko) Chrome/50.0.2661.102 UBrowser/6.1.2716.5 Safari/537.36',
  'referer' => 'http://admin.tp.com/article/insert.volt',
  'accept-encoding' => 'gzip, deflate',
  'accept-language' => 'zh-CN,zh;q=0.8,en;q=0.6',
  'cookie' => 'ckCsrfToken=N01GOqmYHSe325ymXZp6ajcBbmQ2I4U4i1exxF09; style=d',
)
[ info ] [ PARAM ] array (
)
[ info ] [ RUN ] app\admin\controller\Article->indexAction[ D:\phpStudy\WWW\tp5\application\admin\controller\Article.php ]
[ info ] [ DB ] INIT mysql
[ info ] [ VIEW ] D:\phpStudy\WWW\tp5\public/../application/admin\view\article\index.html [ array (
  0 => 'pages',
  1 => 'articles',
) ]
[ info ] [ LOG ] INIT File
[ sql ] [ DB ] CONNECT:[ UseTime:0.001000s ] mysql:dbname=xm_db;host=127.0.0.1;port=3306;charset=utf8
[ sql ] [ SQL ] SHOW COLUMNS FROM `xm_article` [ RunTime:0.012000s ]
[ sql ] [ SQL ] SELECT * FROM `xm_article` ORDER BY create_time desc [ RunTime:0.001000s ]
---------------------------------------------------------------
[ 2017-05-24T17:43:40+08:00 ] 127.0.0.1 127.0.0.1 GET /image/insert.volt
[ info ] admin.tp.com/image/insert.volt [运行时间：0.046003s][吞吐率：21.74req/s] [内存消耗：1,602.35kb] [文件加载：41]
[ info ] [ LANG ] D:\phpStudy\WWW\tp5\thinkphp\lang\zh-cn.php
[ info ] [ BIND ] 'admin'
[ info ] [ ROUTE ] array (
  'type' => 'module',
  'module' => 
  array (
    0 => 'admin',
    1 => 'image',
    2 => 'insert',
  ),
)
[ info ] [ HEADER ] array (
  'host' => 'admin.tp.com',
  'connection' => 'keep-alive',
  'accept' => 'text/html,application/xhtml+xml,application/xml;q=0.9,image/webp,*/*;q=0.8',
  'upgrade-insecure-requests' => '1',
  'user-agent' => 'Mozilla/5.0 (Windows NT 6.1; WOW64) AppleWebKit/537.36 (KHTML, like Gecko) Chrome/50.0.2661.102 UBrowser/6.1.2716.5 Safari/537.36',
  'referer' => 'http://admin.tp.com/article/index.volt',
  'accept-encoding' => 'gzip, deflate',
  'accept-language' => 'zh-CN,zh;q=0.8,en;q=0.6',
  'cookie' => 'ckCsrfToken=N01GOqmYHSe325ymXZp6ajcBbmQ2I4U4i1exxF09; style=d',
)
[ info ] [ PARAM ] array (
)
[ info ] [ RUN ] app\admin\controller\Image->insertAction[ D:\phpStudy\WWW\tp5\application\admin\controller\Image.php ]
[ info ] [ VIEW ] D:\phpStudy\WWW\tp5\public/../application/admin\view\image\insert.html [ array (
) ]
[ info ] [ LOG ] INIT File
---------------------------------------------------------------
[ 2017-05-24T17:48:56+08:00 ] 127.0.0.1 127.0.0.1 GET /image/insert.volt
[ info ] admin.tp.com/image/insert.volt [运行时间：0.044002s][吞吐率：22.73req/s] [内存消耗：1,601.20kb] [文件加载：41]
[ info ] [ LANG ] D:\phpStudy\WWW\tp5\thinkphp\lang\zh-cn.php
[ info ] [ BIND ] 'admin'
[ info ] [ ROUTE ] array (
  'type' => 'module',
  'module' => 
  array (
    0 => 'admin',
    1 => 'image',
    2 => 'insert',
  ),
)
[ info ] [ HEADER ] array (
  'host' => 'admin.tp.com',
  'connection' => 'keep-alive',
  'cache-control' => 'max-age=0',
  'accept' => 'text/html,application/xhtml+xml,application/xml;q=0.9,image/webp,*/*;q=0.8',
  'upgrade-insecure-requests' => '1',
  'user-agent' => 'Mozilla/5.0 (Windows NT 6.1; WOW64) AppleWebKit/537.36 (KHTML, like Gecko) Chrome/50.0.2661.102 UBrowser/6.1.2716.5 Safari/537.36',
  'referer' => 'http://admin.tp.com/article/index.volt',
  'accept-encoding' => 'gzip, deflate',
  'accept-language' => 'zh-CN,zh;q=0.8,en;q=0.6',
  'cookie' => 'ckCsrfToken=N01GOqmYHSe325ymXZp6ajcBbmQ2I4U4i1exxF09; style=d',
)
[ info ] [ PARAM ] array (
)
[ info ] [ RUN ] app\admin\controller\Image->insertAction[ D:\phpStudy\WWW\tp5\application\admin\controller\Image.php ]
[ info ] [ VIEW ] D:\phpStudy\WWW\tp5\public/../application/admin\view\image\insert.html [ array (
) ]
[ info ] [ LOG ] INIT File
---------------------------------------------------------------
[ 2017-05-24T17:50:23+08:00 ] 127.0.0.1 127.0.0.1 GET /image/insert.volt
[ info ] admin.tp.com/image/insert.volt [运行时间：0.047003s][吞吐率：21.28req/s] [内存消耗：1,602.69kb] [文件加载：41]
[ info ] [ LANG ] D:\phpStudy\WWW\tp5\thinkphp\lang\zh-cn.php
[ info ] [ BIND ] 'admin'
[ info ] [ ROUTE ] array (
  'type' => 'module',
  'module' => 
  array (
    0 => 'admin',
    1 => 'image',
    2 => 'insert',
  ),
)
[ info ] [ HEADER ] array (
  'host' => 'admin.tp.com',
  'connection' => 'keep-alive',
  'cache-control' => 'max-age=0',
  'accept' => 'text/html,application/xhtml+xml,application/xml;q=0.9,image/webp,*/*;q=0.8',
  'upgrade-insecure-requests' => '1',
  'user-agent' => 'Mozilla/5.0 (Windows NT 6.1; WOW64) AppleWebKit/537.36 (KHTML, like Gecko) Chrome/50.0.2661.102 UBrowser/6.1.2716.5 Safari/537.36',
  'referer' => 'http://admin.tp.com/article/index.volt',
  'accept-encoding' => 'gzip, deflate',
  'accept-language' => 'zh-CN,zh;q=0.8,en;q=0.6',
  'cookie' => 'ckCsrfToken=N01GOqmYHSe325ymXZp6ajcBbmQ2I4U4i1exxF09; style=d',
)
[ info ] [ PARAM ] array (
)
[ info ] [ RUN ] app\admin\controller\Image->insertAction[ D:\phpStudy\WWW\tp5\application\admin\controller\Image.php ]
[ info ] [ VIEW ] D:\phpStudy\WWW\tp5\public/../application/admin\view\image\insert.html [ array (
) ]
[ info ] [ LOG ] INIT File
---------------------------------------------------------------
[ 2017-05-24T17:50:42+08:00 ] 127.0.0.1 127.0.0.1 GET /image/insert.volt
[ info ] admin.tp.com/image/insert.volt [运行时间：0.040002s][吞吐率：25.00req/s] [内存消耗：1,602.66kb] [文件加载：41]
[ info ] [ LANG ] D:\phpStudy\WWW\tp5\thinkphp\lang\zh-cn.php
[ info ] [ BIND ] 'admin'
[ info ] [ ROUTE ] array (
  'type' => 'module',
  'module' => 
  array (
    0 => 'admin',
    1 => 'image',
    2 => 'insert',
  ),
)
[ info ] [ HEADER ] array (
  'host' => 'admin.tp.com',
  'connection' => 'keep-alive',
  'cache-control' => 'max-age=0',
  'accept' => 'text/html,application/xhtml+xml,application/xml;q=0.9,image/webp,*/*;q=0.8',
  'upgrade-insecure-requests' => '1',
  'user-agent' => 'Mozilla/5.0 (Windows NT 6.1; WOW64) AppleWebKit/537.36 (KHTML, like Gecko) Chrome/50.0.2661.102 UBrowser/6.1.2716.5 Safari/537.36',
  'referer' => 'http://admin.tp.com/article/index.volt',
  'accept-encoding' => 'gzip, deflate',
  'accept-language' => 'zh-CN,zh;q=0.8,en;q=0.6',
  'cookie' => 'ckCsrfToken=N01GOqmYHSe325ymXZp6ajcBbmQ2I4U4i1exxF09; style=d',
)
[ info ] [ PARAM ] array (
)
[ info ] [ RUN ] app\admin\controller\Image->insertAction[ D:\phpStudy\WWW\tp5\application\admin\controller\Image.php ]
[ info ] [ VIEW ] D:\phpStudy\WWW\tp5\public/../application/admin\view\image\insert.html [ array (
) ]
[ info ] [ LOG ] INIT File
---------------------------------------------------------------
[ 2017-05-24T17:50:49+08:00 ] 127.0.0.1 127.0.0.1 GET /image/insert.volt
[ info ] admin.tp.com/image/insert.volt [运行时间：0.046003s][吞吐率：21.74req/s] [内存消耗：1,602.69kb] [文件加载：41]
[ info ] [ LANG ] D:\phpStudy\WWW\tp5\thinkphp\lang\zh-cn.php
[ info ] [ BIND ] 'admin'
[ info ] [ ROUTE ] array (
  'type' => 'module',
  'module' => 
  array (
    0 => 'admin',
    1 => 'image',
    2 => 'insert',
  ),
)
[ info ] [ HEADER ] array (
  'host' => 'admin.tp.com',
  'connection' => 'keep-alive',
  'cache-control' => 'max-age=0',
  'accept' => 'text/html,application/xhtml+xml,application/xml;q=0.9,image/webp,*/*;q=0.8',
  'upgrade-insecure-requests' => '1',
  'user-agent' => 'Mozilla/5.0 (Windows NT 6.1; WOW64) AppleWebKit/537.36 (KHTML, like Gecko) Chrome/50.0.2661.102 UBrowser/6.1.2716.5 Safari/537.36',
  'referer' => 'http://admin.tp.com/article/index.volt',
  'accept-encoding' => 'gzip, deflate',
  'accept-language' => 'zh-CN,zh;q=0.8,en;q=0.6',
  'cookie' => 'ckCsrfToken=N01GOqmYHSe325ymXZp6ajcBbmQ2I4U4i1exxF09; style=d',
)
[ info ] [ PARAM ] array (
)
[ info ] [ RUN ] app\admin\controller\Image->insertAction[ D:\phpStudy\WWW\tp5\application\admin\controller\Image.php ]
[ info ] [ VIEW ] D:\phpStudy\WWW\tp5\public/../application/admin\view\image\insert.html [ array (
) ]
[ info ] [ LOG ] INIT File
---------------------------------------------------------------
[ 2017-05-24T17:51:07+08:00 ] 127.0.0.1 127.0.0.1 GET /image/insert.volt
[ info ] admin.tp.com/image/insert.volt [运行时间：0.049003s][吞吐率：20.41req/s] [内存消耗：1,602.73kb] [文件加载：41]
[ info ] [ LANG ] D:\phpStudy\WWW\tp5\thinkphp\lang\zh-cn.php
[ info ] [ BIND ] 'admin'
[ info ] [ ROUTE ] array (
  'type' => 'module',
  'module' => 
  array (
    0 => 'admin',
    1 => 'image',
    2 => 'insert',
  ),
)
[ info ] [ HEADER ] array (
  'host' => 'admin.tp.com',
  'connection' => 'keep-alive',
  'cache-control' => 'max-age=0',
  'accept' => 'text/html,application/xhtml+xml,application/xml;q=0.9,image/webp,*/*;q=0.8',
  'upgrade-insecure-requests' => '1',
  'user-agent' => 'Mozilla/5.0 (Windows NT 6.1; WOW64) AppleWebKit/537.36 (KHTML, like Gecko) Chrome/50.0.2661.102 UBrowser/6.1.2716.5 Safari/537.36',
  'referer' => 'http://admin.tp.com/article/index.volt',
  'accept-encoding' => 'gzip, deflate',
  'accept-language' => 'zh-CN,zh;q=0.8,en;q=0.6',
  'cookie' => 'ckCsrfToken=N01GOqmYHSe325ymXZp6ajcBbmQ2I4U4i1exxF09; style=d',
)
[ info ] [ PARAM ] array (
)
[ info ] [ RUN ] app\admin\controller\Image->insertAction[ D:\phpStudy\WWW\tp5\application\admin\controller\Image.php ]
[ info ] [ VIEW ] D:\phpStudy\WWW\tp5\public/../application/admin\view\image\insert.html [ array (
) ]
[ info ] [ LOG ] INIT File
---------------------------------------------------------------
[ 2017-05-24T17:51:22+08:00 ] 127.0.0.1 127.0.0.1 GET /image/insert.volt
[ info ] admin.tp.com/image/insert.volt [运行时间：0.040002s][吞吐率：25.00req/s] [内存消耗：1,602.77kb] [文件加载：41]
[ info ] [ LANG ] D:\phpStudy\WWW\tp5\thinkphp\lang\zh-cn.php
[ info ] [ BIND ] 'admin'
[ info ] [ ROUTE ] array (
  'type' => 'module',
  'module' => 
  array (
    0 => 'admin',
    1 => 'image',
    2 => 'insert',
  ),
)
[ info ] [ HEADER ] array (
  'host' => 'admin.tp.com',
  'connection' => 'keep-alive',
  'cache-control' => 'max-age=0',
  'accept' => 'text/html,application/xhtml+xml,application/xml;q=0.9,image/webp,*/*;q=0.8',
  'upgrade-insecure-requests' => '1',
  'user-agent' => 'Mozilla/5.0 (Windows NT 6.1; WOW64) AppleWebKit/537.36 (KHTML, like Gecko) Chrome/50.0.2661.102 UBrowser/6.1.2716.5 Safari/537.36',
  'referer' => 'http://admin.tp.com/article/index.volt',
  'accept-encoding' => 'gzip, deflate',
  'accept-language' => 'zh-CN,zh;q=0.8,en;q=0.6',
  'cookie' => 'ckCsrfToken=N01GOqmYHSe325ymXZp6ajcBbmQ2I4U4i1exxF09; style=d',
)
[ info ] [ PARAM ] array (
)
[ info ] [ RUN ] app\admin\controller\Image->insertAction[ D:\phpStudy\WWW\tp5\application\admin\controller\Image.php ]
[ info ] [ VIEW ] D:\phpStudy\WWW\tp5\public/../application/admin\view\image\insert.html [ array (
) ]
[ info ] [ LOG ] INIT File
---------------------------------------------------------------
[ 2017-05-24T17:51:34+08:00 ] 127.0.0.1 127.0.0.1 GET /image/insert.volt
[ info ] admin.tp.com/image/insert.volt [运行时间：0.041002s][吞吐率：24.39req/s] [内存消耗：1,602.77kb] [文件加载：41]
[ info ] [ LANG ] D:\phpStudy\WWW\tp5\thinkphp\lang\zh-cn.php
[ info ] [ BIND ] 'admin'
[ info ] [ ROUTE ] array (
  'type' => 'module',
  'module' => 
  array (
    0 => 'admin',
    1 => 'image',
    2 => 'insert',
  ),
)
[ info ] [ HEADER ] array (
  'host' => 'admin.tp.com',
  'connection' => 'keep-alive',
  'cache-control' => 'max-age=0',
  'accept' => 'text/html,application/xhtml+xml,application/xml;q=0.9,image/webp,*/*;q=0.8',
  'upgrade-insecure-requests' => '1',
  'user-agent' => 'Mozilla/5.0 (Windows NT 6.1; WOW64) AppleWebKit/537.36 (KHTML, like Gecko) Chrome/50.0.2661.102 UBrowser/6.1.2716.5 Safari/537.36',
  'referer' => 'http://admin.tp.com/article/index.volt',
  'accept-encoding' => 'gzip, deflate',
  'accept-language' => 'zh-CN,zh;q=0.8,en;q=0.6',
  'cookie' => 'ckCsrfToken=N01GOqmYHSe325ymXZp6ajcBbmQ2I4U4i1exxF09; style=d',
)
[ info ] [ PARAM ] array (
)
[ info ] [ RUN ] app\admin\controller\Image->insertAction[ D:\phpStudy\WWW\tp5\application\admin\controller\Image.php ]
[ info ] [ VIEW ] D:\phpStudy\WWW\tp5\public/../application/admin\view\image\insert.html [ array (
) ]
[ info ] [ LOG ] INIT File
---------------------------------------------------------------
[ 2017-05-24T17:51:48+08:00 ] 127.0.0.1 127.0.0.1 GET /image/insert.volt
[ info ] admin.tp.com/image/insert.volt [运行时间：0.043003s][吞吐率：23.25req/s] [内存消耗：1,602.67kb] [文件加载：41]
[ info ] [ LANG ] D:\phpStudy\WWW\tp5\thinkphp\lang\zh-cn.php
[ info ] [ BIND ] 'admin'
[ info ] [ ROUTE ] array (
  'type' => 'module',
  'module' => 
  array (
    0 => 'admin',
    1 => 'image',
    2 => 'insert',
  ),
)
[ info ] [ HEADER ] array (
  'host' => 'admin.tp.com',
  'connection' => 'keep-alive',
  'cache-control' => 'max-age=0',
  'accept' => 'text/html,application/xhtml+xml,application/xml;q=0.9,image/webp,*/*;q=0.8',
  'upgrade-insecure-requests' => '1',
  'user-agent' => 'Mozilla/5.0 (Windows NT 6.1; WOW64) AppleWebKit/537.36 (KHTML, like Gecko) Chrome/50.0.2661.102 UBrowser/6.1.2716.5 Safari/537.36',
  'referer' => 'http://admin.tp.com/article/index.volt',
  'accept-encoding' => 'gzip, deflate',
  'accept-language' => 'zh-CN,zh;q=0.8,en;q=0.6',
  'cookie' => 'ckCsrfToken=N01GOqmYHSe325ymXZp6ajcBbmQ2I4U4i1exxF09; style=d',
)
[ info ] [ PARAM ] array (
)
[ info ] [ RUN ] app\admin\controller\Image->insertAction[ D:\phpStudy\WWW\tp5\application\admin\controller\Image.php ]
[ info ] [ VIEW ] D:\phpStudy\WWW\tp5\public/../application/admin\view\image\insert.html [ array (
) ]
[ info ] [ LOG ] INIT File
---------------------------------------------------------------
[ 2017-05-24T17:52:14+08:00 ] 127.0.0.1 127.0.0.1 GET /image/insert.volt
[ info ] admin.tp.com/image/insert.volt [运行时间：0.044002s][吞吐率：22.73req/s] [内存消耗：1,602.75kb] [文件加载：41]
[ info ] [ LANG ] D:\phpStudy\WWW\tp5\thinkphp\lang\zh-cn.php
[ info ] [ BIND ] 'admin'
[ info ] [ ROUTE ] array (
  'type' => 'module',
  'module' => 
  array (
    0 => 'admin',
    1 => 'image',
    2 => 'insert',
  ),
)
[ info ] [ HEADER ] array (
  'host' => 'admin.tp.com',
  'connection' => 'keep-alive',
  'cache-control' => 'max-age=0',
  'accept' => 'text/html,application/xhtml+xml,application/xml;q=0.9,image/webp,*/*;q=0.8',
  'upgrade-insecure-requests' => '1',
  'user-agent' => 'Mozilla/5.0 (Windows NT 6.1; WOW64) AppleWebKit/537.36 (KHTML, like Gecko) Chrome/50.0.2661.102 UBrowser/6.1.2716.5 Safari/537.36',
  'referer' => 'http://admin.tp.com/article/index.volt',
  'accept-encoding' => 'gzip, deflate',
  'accept-language' => 'zh-CN,zh;q=0.8,en;q=0.6',
  'cookie' => 'ckCsrfToken=N01GOqmYHSe325ymXZp6ajcBbmQ2I4U4i1exxF09; style=d',
)
[ info ] [ PARAM ] array (
)
[ info ] [ RUN ] app\admin\controller\Image->insertAction[ D:\phpStudy\WWW\tp5\application\admin\controller\Image.php ]
[ info ] [ VIEW ] D:\phpStudy\WWW\tp5\public/../application/admin\view\image\insert.html [ array (
) ]
[ info ] [ LOG ] INIT File
---------------------------------------------------------------
[ 2017-05-24T17:52:41+08:00 ] 127.0.0.1 127.0.0.1 GET /image/insert.volt
[ info ] admin.tp.com/image/insert.volt [运行时间：0.040002s][吞吐率：25.00req/s] [内存消耗：1,602.71kb] [文件加载：41]
[ info ] [ LANG ] D:\phpStudy\WWW\tp5\thinkphp\lang\zh-cn.php
[ info ] [ BIND ] 'admin'
[ info ] [ ROUTE ] array (
  'type' => 'module',
  'module' => 
  array (
    0 => 'admin',
    1 => 'image',
    2 => 'insert',
  ),
)
[ info ] [ HEADER ] array (
  'host' => 'admin.tp.com',
  'connection' => 'keep-alive',
  'cache-control' => 'max-age=0',
  'accept' => 'text/html,application/xhtml+xml,application/xml;q=0.9,image/webp,*/*;q=0.8',
  'upgrade-insecure-requests' => '1',
  'user-agent' => 'Mozilla/5.0 (Windows NT 6.1; WOW64) AppleWebKit/537.36 (KHTML, like Gecko) Chrome/50.0.2661.102 UBrowser/6.1.2716.5 Safari/537.36',
  'referer' => 'http://admin.tp.com/article/index.volt',
  'accept-encoding' => 'gzip, deflate',
  'accept-language' => 'zh-CN,zh;q=0.8,en;q=0.6',
  'cookie' => 'ckCsrfToken=N01GOqmYHSe325ymXZp6ajcBbmQ2I4U4i1exxF09; style=d',
)
[ info ] [ PARAM ] array (
)
[ info ] [ RUN ] app\admin\controller\Image->insertAction[ D:\phpStudy\WWW\tp5\application\admin\controller\Image.php ]
[ info ] [ VIEW ] D:\phpStudy\WWW\tp5\public/../application/admin\view\image\insert.html [ array (
) ]
[ info ] [ LOG ] INIT File
---------------------------------------------------------------
[ 2017-05-24T17:53:08+08:00 ] 127.0.0.1 127.0.0.1 GET /image/insert.volt
[ info ] admin.tp.com/image/insert.volt [运行时间：0.036002s][吞吐率：27.78req/s] [内存消耗：1,602.55kb] [文件加载：41]
[ info ] [ LANG ] D:\phpStudy\WWW\tp5\thinkphp\lang\zh-cn.php
[ info ] [ BIND ] 'admin'
[ info ] [ ROUTE ] array (
  'type' => 'module',
  'module' => 
  array (
    0 => 'admin',
    1 => 'image',
    2 => 'insert',
  ),
)
[ info ] [ HEADER ] array (
  'host' => 'admin.tp.com',
  'connection' => 'keep-alive',
  'cache-control' => 'max-age=0',
  'accept' => 'text/html,application/xhtml+xml,application/xml;q=0.9,image/webp,*/*;q=0.8',
  'upgrade-insecure-requests' => '1',
  'user-agent' => 'Mozilla/5.0 (Windows NT 6.1; WOW64) AppleWebKit/537.36 (KHTML, like Gecko) Chrome/50.0.2661.102 UBrowser/6.1.2716.5 Safari/537.36',
  'referer' => 'http://admin.tp.com/article/index.volt',
  'accept-encoding' => 'gzip, deflate',
  'accept-language' => 'zh-CN,zh;q=0.8,en;q=0.6',
  'cookie' => 'ckCsrfToken=N01GOqmYHSe325ymXZp6ajcBbmQ2I4U4i1exxF09; style=d',
)
[ info ] [ PARAM ] array (
)
[ info ] [ RUN ] app\admin\controller\Image->insertAction[ D:\phpStudy\WWW\tp5\application\admin\controller\Image.php ]
[ info ] [ VIEW ] D:\phpStudy\WWW\tp5\public/../application/admin\view\image\insert.html [ array (
) ]
[ info ] [ LOG ] INIT File
---------------------------------------------------------------
[ 2017-05-24T17:53:13+08:00 ] 127.0.0.1 127.0.0.1 GET /image/insert.volt
[ info ] admin.tp.com/image/insert.volt [运行时间：0.056004s][吞吐率：17.86req/s] [内存消耗：1,602.55kb] [文件加载：41]
[ info ] [ LANG ] D:\phpStudy\WWW\tp5\thinkphp\lang\zh-cn.php
[ info ] [ BIND ] 'admin'
[ info ] [ ROUTE ] array (
  'type' => 'module',
  'module' => 
  array (
    0 => 'admin',
    1 => 'image',
    2 => 'insert',
  ),
)
[ info ] [ HEADER ] array (
  'host' => 'admin.tp.com',
  'connection' => 'keep-alive',
  'cache-control' => 'max-age=0',
  'accept' => 'text/html,application/xhtml+xml,application/xml;q=0.9,image/webp,*/*;q=0.8',
  'upgrade-insecure-requests' => '1',
  'user-agent' => 'Mozilla/5.0 (Windows NT 6.1; WOW64) AppleWebKit/537.36 (KHTML, like Gecko) Chrome/50.0.2661.102 UBrowser/6.1.2716.5 Safari/537.36',
  'referer' => 'http://admin.tp.com/article/index.volt',
  'accept-encoding' => 'gzip, deflate',
  'accept-language' => 'zh-CN,zh;q=0.8,en;q=0.6',
  'cookie' => 'ckCsrfToken=N01GOqmYHSe325ymXZp6ajcBbmQ2I4U4i1exxF09; style=d',
)
[ info ] [ PARAM ] array (
)
[ info ] [ RUN ] app\admin\controller\Image->insertAction[ D:\phpStudy\WWW\tp5\application\admin\controller\Image.php ]
[ info ] [ VIEW ] D:\phpStudy\WWW\tp5\public/../application/admin\view\image\insert.html [ array (
) ]
[ info ] [ LOG ] INIT File
---------------------------------------------------------------
[ 2017-05-24T17:53:37+08:00 ] 127.0.0.1 127.0.0.1 GET /image/insert.volt
[ info ] admin.tp.com/image/insert.volt [运行时间：0.046002s][吞吐率：21.74req/s] [内存消耗：1,602.74kb] [文件加载：41]
[ info ] [ LANG ] D:\phpStudy\WWW\tp5\thinkphp\lang\zh-cn.php
[ info ] [ BIND ] 'admin'
[ info ] [ ROUTE ] array (
  'type' => 'module',
  'module' => 
  array (
    0 => 'admin',
    1 => 'image',
    2 => 'insert',
  ),
)
[ info ] [ HEADER ] array (
  'host' => 'admin.tp.com',
  'connection' => 'keep-alive',
  'cache-control' => 'max-age=0',
  'accept' => 'text/html,application/xhtml+xml,application/xml;q=0.9,image/webp,*/*;q=0.8',
  'upgrade-insecure-requests' => '1',
  'user-agent' => 'Mozilla/5.0 (Windows NT 6.1; WOW64) AppleWebKit/537.36 (KHTML, like Gecko) Chrome/50.0.2661.102 UBrowser/6.1.2716.5 Safari/537.36',
  'referer' => 'http://admin.tp.com/article/index.volt',
  'accept-encoding' => 'gzip, deflate',
  'accept-language' => 'zh-CN,zh;q=0.8,en;q=0.6',
  'cookie' => 'ckCsrfToken=N01GOqmYHSe325ymXZp6ajcBbmQ2I4U4i1exxF09; style=d',
)
[ info ] [ PARAM ] array (
)
[ info ] [ RUN ] app\admin\controller\Image->insertAction[ D:\phpStudy\WWW\tp5\application\admin\controller\Image.php ]
[ info ] [ VIEW ] D:\phpStudy\WWW\tp5\public/../application/admin\view\image\insert.html [ array (
) ]
[ info ] [ LOG ] INIT File
---------------------------------------------------------------
[ 2017-05-24T17:53:47+08:00 ] 127.0.0.1 127.0.0.1 GET /image/insert.volt
[ info ] admin.tp.com/image/insert.volt [运行时间：0.036002s][吞吐率：27.78req/s] [内存消耗：1,602.74kb] [文件加载：41]
[ info ] [ LANG ] D:\phpStudy\WWW\tp5\thinkphp\lang\zh-cn.php
[ info ] [ BIND ] 'admin'
[ info ] [ ROUTE ] array (
  'type' => 'module',
  'module' => 
  array (
    0 => 'admin',
    1 => 'image',
    2 => 'insert',
  ),
)
[ info ] [ HEADER ] array (
  'host' => 'admin.tp.com',
  'connection' => 'keep-alive',
  'cache-control' => 'max-age=0',
  'accept' => 'text/html,application/xhtml+xml,application/xml;q=0.9,image/webp,*/*;q=0.8',
  'upgrade-insecure-requests' => '1',
  'user-agent' => 'Mozilla/5.0 (Windows NT 6.1; WOW64) AppleWebKit/537.36 (KHTML, like Gecko) Chrome/50.0.2661.102 UBrowser/6.1.2716.5 Safari/537.36',
  'referer' => 'http://admin.tp.com/article/index.volt',
  'accept-encoding' => 'gzip, deflate',
  'accept-language' => 'zh-CN,zh;q=0.8,en;q=0.6',
  'cookie' => 'ckCsrfToken=N01GOqmYHSe325ymXZp6ajcBbmQ2I4U4i1exxF09; style=d',
)
[ info ] [ PARAM ] array (
)
[ info ] [ RUN ] app\admin\controller\Image->insertAction[ D:\phpStudy\WWW\tp5\application\admin\controller\Image.php ]
[ info ] [ VIEW ] D:\phpStudy\WWW\tp5\public/../application/admin\view\image\insert.html [ array (
) ]
[ info ] [ LOG ] INIT File
---------------------------------------------------------------
[ 2017-05-24T17:54:09+08:00 ] 127.0.0.1 127.0.0.1 GET /image/insert.volt
[ info ] admin.tp.com/image/insert.volt [运行时间：0.035002s][吞吐率：28.57req/s] [内存消耗：1,602.76kb] [文件加载：41]
[ info ] [ LANG ] D:\phpStudy\WWW\tp5\thinkphp\lang\zh-cn.php
[ info ] [ BIND ] 'admin'
[ info ] [ ROUTE ] array (
  'type' => 'module',
  'module' => 
  array (
    0 => 'admin',
    1 => 'image',
    2 => 'insert',
  ),
)
[ info ] [ HEADER ] array (
  'host' => 'admin.tp.com',
  'connection' => 'keep-alive',
  'cache-control' => 'max-age=0',
  'accept' => 'text/html,application/xhtml+xml,application/xml;q=0.9,image/webp,*/*;q=0.8',
  'upgrade-insecure-requests' => '1',
  'user-agent' => 'Mozilla/5.0 (Windows NT 6.1; WOW64) AppleWebKit/537.36 (KHTML, like Gecko) Chrome/50.0.2661.102 UBrowser/6.1.2716.5 Safari/537.36',
  'referer' => 'http://admin.tp.com/article/index.volt',
  'accept-encoding' => 'gzip, deflate',
  'accept-language' => 'zh-CN,zh;q=0.8,en;q=0.6',
  'cookie' => 'ckCsrfToken=N01GOqmYHSe325ymXZp6ajcBbmQ2I4U4i1exxF09; style=d',
)
[ info ] [ PARAM ] array (
)
[ info ] [ RUN ] app\admin\controller\Image->insertAction[ D:\phpStudy\WWW\tp5\application\admin\controller\Image.php ]
[ info ] [ VIEW ] D:\phpStudy\WWW\tp5\public/../application/admin\view\image\insert.html [ array (
) ]
[ info ] [ LOG ] INIT File
---------------------------------------------------------------
[ 2017-05-24T17:54:17+08:00 ] 127.0.0.1 127.0.0.1 GET /image/insert.volt
[ info ] admin.tp.com/image/insert.volt [运行时间：0.037002s][吞吐率：27.03req/s] [内存消耗：1,602.80kb] [文件加载：41]
[ info ] [ LANG ] D:\phpStudy\WWW\tp5\thinkphp\lang\zh-cn.php
[ info ] [ BIND ] 'admin'
[ info ] [ ROUTE ] array (
  'type' => 'module',
  'module' => 
  array (
    0 => 'admin',
    1 => 'image',
    2 => 'insert',
  ),
)
[ info ] [ HEADER ] array (
  'host' => 'admin.tp.com',
  'connection' => 'keep-alive',
  'cache-control' => 'max-age=0',
  'accept' => 'text/html,application/xhtml+xml,application/xml;q=0.9,image/webp,*/*;q=0.8',
  'upgrade-insecure-requests' => '1',
  'user-agent' => 'Mozilla/5.0 (Windows NT 6.1; WOW64) AppleWebKit/537.36 (KHTML, like Gecko) Chrome/50.0.2661.102 UBrowser/6.1.2716.5 Safari/537.36',
  'referer' => 'http://admin.tp.com/article/index.volt',
  'accept-encoding' => 'gzip, deflate',
  'accept-language' => 'zh-CN,zh;q=0.8,en;q=0.6',
  'cookie' => 'ckCsrfToken=N01GOqmYHSe325ymXZp6ajcBbmQ2I4U4i1exxF09; style=d',
)
[ info ] [ PARAM ] array (
)
[ info ] [ RUN ] app\admin\controller\Image->insertAction[ D:\phpStudy\WWW\tp5\application\admin\controller\Image.php ]
[ info ] [ VIEW ] D:\phpStudy\WWW\tp5\public/../application/admin\view\image\insert.html [ array (
) ]
[ info ] [ LOG ] INIT File
---------------------------------------------------------------
[ 2017-05-24T17:54:23+08:00 ] 127.0.0.1 127.0.0.1 GET /image/insert.volt
[ info ] admin.tp.com/image/insert.volt [运行时间：0.050003s][吞吐率：20.00req/s] [内存消耗：1,602.58kb] [文件加载：41]
[ info ] [ LANG ] D:\phpStudy\WWW\tp5\thinkphp\lang\zh-cn.php
[ info ] [ BIND ] 'admin'
[ info ] [ ROUTE ] array (
  'type' => 'module',
  'module' => 
  array (
    0 => 'admin',
    1 => 'image',
    2 => 'insert',
  ),
)
[ info ] [ HEADER ] array (
  'host' => 'admin.tp.com',
  'connection' => 'keep-alive',
  'accept' => 'text/html,application/xhtml+xml,application/xml;q=0.9,image/webp,*/*;q=0.8',
  'upgrade-insecure-requests' => '1',
  'user-agent' => 'Mozilla/5.0 (Windows NT 6.1; WOW64) AppleWebKit/537.36 (KHTML, like Gecko) Chrome/50.0.2661.102 UBrowser/6.1.2716.5 Safari/537.36',
  'referer' => 'http://admin.tp.com/image/insert.volt',
  'accept-encoding' => 'gzip, deflate',
  'accept-language' => 'zh-CN,zh;q=0.8,en;q=0.6',
  'cookie' => 'ckCsrfToken=N01GOqmYHSe325ymXZp6ajcBbmQ2I4U4i1exxF09; style=d',
)
[ info ] [ PARAM ] array (
)
[ info ] [ RUN ] app\admin\controller\Image->insertAction[ D:\phpStudy\WWW\tp5\application\admin\controller\Image.php ]
[ info ] [ VIEW ] D:\phpStudy\WWW\tp5\public/../application/admin\view\image\insert.html [ array (
) ]
[ info ] [ LOG ] INIT File
---------------------------------------------------------------
[ 2017-05-24T17:54:24+08:00 ] 127.0.0.1 127.0.0.1 GET /image/index.volt
[ info ] admin.tp.com/image/index.volt [运行时间：0.107007s][吞吐率：9.35req/s] [内存消耗：2,342.48kb] [文件加载：48]
[ info ] [ LANG ] D:\phpStudy\WWW\tp5\thinkphp\lang\zh-cn.php
[ info ] [ BIND ] 'admin'
[ info ] [ ROUTE ] array (
  'type' => 'module',
  'module' => 
  array (
    0 => 'admin',
    1 => 'image',
    2 => 'index',
  ),
)
[ info ] [ HEADER ] array (
  'host' => 'admin.tp.com',
  'connection' => 'keep-alive',
  'accept' => 'text/html,application/xhtml+xml,application/xml;q=0.9,image/webp,*/*;q=0.8',
  'upgrade-insecure-requests' => '1',
  'user-agent' => 'Mozilla/5.0 (Windows NT 6.1; WOW64) AppleWebKit/537.36 (KHTML, like Gecko) Chrome/50.0.2661.102 UBrowser/6.1.2716.5 Safari/537.36',
  'referer' => 'http://admin.tp.com/image/insert.volt',
  'accept-encoding' => 'gzip, deflate',
  'accept-language' => 'zh-CN,zh;q=0.8,en;q=0.6',
  'cookie' => 'ckCsrfToken=N01GOqmYHSe325ymXZp6ajcBbmQ2I4U4i1exxF09; style=d',
)
[ info ] [ PARAM ] array (
)
[ info ] [ RUN ] app\admin\controller\Image->indexAction[ D:\phpStudy\WWW\tp5\application\admin\controller\Image.php ]
[ info ] [ DB ] INIT mysql
[ info ] [ VIEW ] D:\phpStudy\WWW\tp5\public/../application/admin\view\image\index.html [ array (
  0 => 'images',
  1 => 'pages',
) ]
[ info ] [ LOG ] INIT File
[ sql ] [ DB ] CONNECT:[ UseTime:0.012000s ] mysql:dbname=xm_db;host=127.0.0.1;port=3306;charset=utf8
[ sql ] [ SQL ] SHOW COLUMNS FROM `xm_image` [ RunTime:0.013001s ]
[ sql ] [ SQL ] SELECT * FROM `xm_image` [ RunTime:0.001000s ]
---------------------------------------------------------------
[ 2017-05-24T17:54:26+08:00 ] 127.0.0.1 127.0.0.1 POST /Image/index
[ info ] admin.tp.com/Image/index [运行时间：0.081005s][吞吐率：12.34req/s] [内存消耗：2,055.65kb] [文件加载：44]
[ info ] [ LANG ] D:\phpStudy\WWW\tp5\thinkphp\lang\zh-cn.php
[ info ] [ BIND ] 'admin'
[ info ] [ ROUTE ] array (
  'type' => 'module',
  'module' => 
  array (
    0 => 'admin',
    1 => 'Image',
    2 => 'index',
  ),
)
[ info ] [ HEADER ] array (
  'host' => 'admin.tp.com',
  'connection' => 'keep-alive',
  'accept' => 'application/json, text/javascript, */*; q=0.01',
  'origin' => 'http://admin.tp.com',
  'x-requested-with' => 'XMLHttpRequest',
  'user-agent' => 'Mozilla/5.0 (Windows NT 6.1; WOW64) AppleWebKit/537.36 (KHTML, like Gecko) Chrome/50.0.2661.102 UBrowser/6.1.2716.5 Safari/537.36',
  'content-type' => 'application/x-www-form-urlencoded; charset=UTF-8',
  'referer' => 'http://admin.tp.com/image/index.volt',
  'accept-encoding' => 'gzip, deflate',
  'accept-language' => 'zh-CN,zh;q=0.8,en;q=0.6',
  'cookie' => 'ckCsrfToken=N01GOqmYHSe325ymXZp6ajcBbmQ2I4U4i1exxF09; style=d',
  'content-length' => '16',
)
[ info ] [ PARAM ] array (
  'pgNum' => '2',
  'pgSize' => '6',
)
[ info ] [ RUN ] app\admin\controller\Image->indexAction[ D:\phpStudy\WWW\tp5\application\admin\controller\Image.php ]
[ info ] [ DB ] INIT mysql
[ info ] [ LOG ] INIT File
[ sql ] [ DB ] CONNECT:[ UseTime:0.010001s ] mysql:dbname=xm_db;host=127.0.0.1;port=3306;charset=utf8
[ sql ] [ SQL ] SHOW COLUMNS FROM `xm_image` [ RunTime:0.011001s ]
[ sql ] [ SQL ] SELECT * FROM `xm_image` [ RunTime:0.001000s ]
---------------------------------------------------------------
[ 2017-05-24T17:54:28+08:00 ] 127.0.0.1 127.0.0.1 POST /Image/index
[ info ] admin.tp.com/Image/index [运行时间：0.068004s][吞吐率：14.70req/s] [内存消耗：2,055.63kb] [文件加载：44]
[ info ] [ LANG ] D:\phpStudy\WWW\tp5\thinkphp\lang\zh-cn.php
[ info ] [ BIND ] 'admin'
[ info ] [ ROUTE ] array (
  'type' => 'module',
  'module' => 
  array (
    0 => 'admin',
    1 => 'Image',
    2 => 'index',
  ),
)
[ info ] [ HEADER ] array (
  'host' => 'admin.tp.com',
  'connection' => 'keep-alive',
  'accept' => 'application/json, text/javascript, */*; q=0.01',
  'origin' => 'http://admin.tp.com',
  'x-requested-with' => 'XMLHttpRequest',
  'user-agent' => 'Mozilla/5.0 (Windows NT 6.1; WOW64) AppleWebKit/537.36 (KHTML, like Gecko) Chrome/50.0.2661.102 UBrowser/6.1.2716.5 Safari/537.36',
  'content-type' => 'application/x-www-form-urlencoded; charset=UTF-8',
  'referer' => 'http://admin.tp.com/image/index.volt',
  'accept-encoding' => 'gzip, deflate',
  'accept-language' => 'zh-CN,zh;q=0.8,en;q=0.6',
  'cookie' => 'ckCsrfToken=N01GOqmYHSe325ymXZp6ajcBbmQ2I4U4i1exxF09; style=d',
  'content-length' => '16',
)
[ info ] [ PARAM ] array (
  'pgNum' => '1',
  'pgSize' => '6',
)
[ info ] [ RUN ] app\admin\controller\Image->indexAction[ D:\phpStudy\WWW\tp5\application\admin\controller\Image.php ]
[ info ] [ DB ] INIT mysql
[ info ] [ LOG ] INIT File
[ sql ] [ DB ] CONNECT:[ UseTime:0.011001s ] mysql:dbname=xm_db;host=127.0.0.1;port=3306;charset=utf8
[ sql ] [ SQL ] SHOW COLUMNS FROM `xm_image` [ RunTime:0.012001s ]
[ sql ] [ SQL ] SELECT * FROM `xm_image` [ RunTime:0.001000s ]
---------------------------------------------------------------
[ 2017-05-24T17:54:30+08:00 ] 127.0.0.1 127.0.0.1 GET /article/index.volt
[ info ] admin.tp.com/article/index.volt [运行时间：0.078004s][吞吐率：12.82req/s] [内存消耗：2,347.60kb] [文件加载：48]
[ info ] [ LANG ] D:\phpStudy\WWW\tp5\thinkphp\lang\zh-cn.php
[ info ] [ BIND ] 'admin'
[ info ] [ ROUTE ] array (
  'type' => 'module',
  'module' => 
  array (
    0 => 'admin',
    1 => 'article',
    2 => 'index',
  ),
)
[ info ] [ HEADER ] array (
  'host' => 'admin.tp.com',
  'connection' => 'keep-alive',
  'accept' => 'text/html,application/xhtml+xml,application/xml;q=0.9,image/webp,*/*;q=0.8',
  'upgrade-insecure-requests' => '1',
  'user-agent' => 'Mozilla/5.0 (Windows NT 6.1; WOW64) AppleWebKit/537.36 (KHTML, like Gecko) Chrome/50.0.2661.102 UBrowser/6.1.2716.5 Safari/537.36',
  'referer' => 'http://admin.tp.com/image/index.volt',
  'accept-encoding' => 'gzip, deflate',
  'accept-language' => 'zh-CN,zh;q=0.8,en;q=0.6',
  'cookie' => 'ckCsrfToken=N01GOqmYHSe325ymXZp6ajcBbmQ2I4U4i1exxF09; style=d',
)
[ info ] [ PARAM ] array (
)
[ info ] [ RUN ] app\admin\controller\Article->indexAction[ D:\phpStudy\WWW\tp5\application\admin\controller\Article.php ]
[ info ] [ DB ] INIT mysql
[ info ] [ VIEW ] D:\phpStudy\WWW\tp5\public/../application/admin\view\article\index.html [ array (
  0 => 'pages',
  1 => 'articles',
) ]
[ info ] [ LOG ] INIT File
[ sql ] [ DB ] CONNECT:[ UseTime:0.002000s ] mysql:dbname=xm_db;host=127.0.0.1;port=3306;charset=utf8
[ sql ] [ SQL ] SHOW COLUMNS FROM `xm_article` [ RunTime:0.013001s ]
[ sql ] [ SQL ] SELECT * FROM `xm_article` ORDER BY create_time desc [ RunTime:0.002000s ]
---------------------------------------------------------------
[ 2017-05-24T17:54:35+08:00 ] 127.0.0.1 127.0.0.1 GET /article/insert.volt
[ info ] admin.tp.com/article/insert.volt [运行时间：0.044002s][吞吐率：22.73req/s] [内存消耗：1,594.04kb] [文件加载：41]
[ info ] [ LANG ] D:\phpStudy\WWW\tp5\thinkphp\lang\zh-cn.php
[ info ] [ BIND ] 'admin'
[ info ] [ ROUTE ] array (
  'type' => 'module',
  'module' => 
  array (
    0 => 'admin',
    1 => 'article',
    2 => 'insert',
  ),
)
[ info ] [ HEADER ] array (
  'host' => 'admin.tp.com',
  'connection' => 'keep-alive',
  'accept' => 'text/html,application/xhtml+xml,application/xml;q=0.9,image/webp,*/*;q=0.8',
  'upgrade-insecure-requests' => '1',
  'user-agent' => 'Mozilla/5.0 (Windows NT 6.1; WOW64) AppleWebKit/537.36 (KHTML, like Gecko) Chrome/50.0.2661.102 UBrowser/6.1.2716.5 Safari/537.36',
  'referer' => 'http://admin.tp.com/article/index.volt',
  'accept-encoding' => 'gzip, deflate',
  'accept-language' => 'zh-CN,zh;q=0.8,en;q=0.6',
  'cookie' => 'ckCsrfToken=N01GOqmYHSe325ymXZp6ajcBbmQ2I4U4i1exxF09; style=d',
)
[ info ] [ PARAM ] array (
)
[ info ] [ RUN ] app\admin\controller\Article->insertAction[ D:\phpStudy\WWW\tp5\application\admin\controller\Article.php ]
[ info ] [ VIEW ] D:\phpStudy\WWW\tp5\public/../application/admin\view\article\insert.html [ array (
) ]
[ info ] [ LOG ] INIT File
